CRITICAL - 2023-10-28 05:57:56 --> Undefined array key "amount"
in APPPATH\Views\packages_list.php on line 50.
 1 APPPATH\Views\packages_list.php(50): CodeIgniter\Debug\Exceptions->errorHandler(2, 'Undefined array key "amount"', 'D:\\projects\\xampp\\htdocs\\seclob_app\\app\\Views\\packages_list.php', 50)
 2 SYSTEMPATH\View\View.php(228): include('D:\\projects\\xampp\\htdocs\\seclob_app\\app\\Views\\packages_list.php')
 3 SYSTEMPATH\View\View.php(231): CodeIgniter\View\View->CodeIgniter\View\{closure}()
 4 SYSTEMPATH\Common.php(1190): CodeIgniter\View\View->render('packages_list', [], true)
 5 APPPATH\Controllers\Package.php(62): view('packages_list', [...])
 6 SYSTEMPATH\CodeIgniter.php(942): App\Controllers\Package->list()
 7 SYSTEMPATH\CodeIgniter.php(502): CodeIgniter\CodeIgniter->runController(Object(App\Controllers\Package))
 8 SYSTEMPATH\CodeIgniter.php(361): CodeIgniter\CodeIgniter->handleRequest(null, Object(Config\Cache), false)
 9 FCPATH\index.php(79): CodeIgniter\CodeIgniter->run()
10 SYSTEMPATH\Commands\Server\rewrite.php(47): require_once('D:\\projects\\xampp\\htdocs\\seclob_app\\public\\index.php')
CRITICAL - 2023-10-28 05:59:01 --> Array to string conversion
in APPPATH\Views\packages_list.php on line 45.
 1 APPPATH\Views\packages_list.php(45): CodeIgniter\Debug\Exceptions->errorHandler(2, 'Array to string conversion', 'D:\\projects\\xampp\\htdocs\\seclob_app\\app\\Views\\packages_list.php', 45)
 2 SYSTEMPATH\View\View.php(228): include('D:\\projects\\xampp\\htdocs\\seclob_app\\app\\Views\\packages_list.php')
 3 SYSTEMPATH\View\View.php(231): CodeIgniter\View\View->CodeIgniter\View\{closure}()
 4 SYSTEMPATH\Common.php(1190): CodeIgniter\View\View->render('packages_list', [], true)
 5 APPPATH\Controllers\Package.php(62): view('packages_list', [...])
 6 SYSTEMPATH\CodeIgniter.php(942): App\Controllers\Package->list()
 7 SYSTEMPATH\CodeIgniter.php(502): CodeIgniter\CodeIgniter->runController(Object(App\Controllers\Package))
 8 SYSTEMPATH\CodeIgniter.php(361): CodeIgniter\CodeIgniter->handleRequest(null, Object(Config\Cache), false)
 9 FCPATH\index.php(79): CodeIgniter\CodeIgniter->run()
10 SYSTEMPATH\Commands\Server\rewrite.php(47): require_once('D:\\projects\\xampp\\htdocs\\seclob_app\\public\\index.php')
CRITICAL - 2023-10-28 06:03:18 --> Undefined array key "Plan A"
in APPPATH\Views\packages_list.php on line 48.
 1 APPPATH\Views\packages_list.php(48): CodeIgniter\Debug\Exceptions->errorHandler(2, 'Undefined array key "Plan A"', 'D:\\projects\\xampp\\htdocs\\seclob_app\\app\\Views\\packages_list.php', 48)
 2 SYSTEMPATH\View\View.php(228): include('D:\\projects\\xampp\\htdocs\\seclob_app\\app\\Views\\packages_list.php')
 3 SYSTEMPATH\View\View.php(231): CodeIgniter\View\View->CodeIgniter\View\{closure}()
 4 SYSTEMPATH\Common.php(1190): CodeIgniter\View\View->render('packages_list', [], true)
 5 APPPATH\Controllers\Package.php(62): view('packages_list', [...])
 6 SYSTEMPATH\CodeIgniter.php(942): App\Controllers\Package->list()
 7 SYSTEMPATH\CodeIgniter.php(502): CodeIgniter\CodeIgniter->runController(Object(App\Controllers\Package))
 8 SYSTEMPATH\CodeIgniter.php(361): CodeIgniter\CodeIgniter->handleRequest(null, Object(Config\Cache), false)
 9 FCPATH\index.php(79): CodeIgniter\CodeIgniter->run()
10 SYSTEMPATH\Commands\Server\rewrite.php(47): require_once('D:\\projects\\xampp\\htdocs\\seclob_app\\public\\index.php')
CRITICAL - 2023-10-28 06:04:27 --> Unclosed '{' on line 44 does not match ']'
in APPPATH\Views\packages_list.php on line 48.
 1 SYSTEMPATH\View\View.php(231): CodeIgniter\View\View->CodeIgniter\View\{closure}()
 2 SYSTEMPATH\Common.php(1190): CodeIgniter\View\View->render('packages_list', [], true)
 3 APPPATH\Controllers\Package.php(62): view('packages_list', [...])
 4 SYSTEMPATH\CodeIgniter.php(942): App\Controllers\Package->list()
 5 SYSTEMPATH\CodeIgniter.php(502): CodeIgniter\CodeIgniter->runController(Object(App\Controllers\Package))
 6 SYSTEMPATH\CodeIgniter.php(361): CodeIgniter\CodeIgniter->handleRequest(null, Object(Config\Cache), false)
 7 FCPATH\index.php(79): CodeIgniter\CodeIgniter->run()
 8 SYSTEMPATH\Commands\Server\rewrite.php(47): require_once('D:\\projects\\xampp\\htdocs\\seclob_app\\public\\index.php')
CRITICAL - 2023-10-28 06:05:06 --> Unclosed '{' on line 44 does not match ']'
in APPPATH\Views\packages_list.php on line 48.
 1 SYSTEMPATH\View\View.php(231): CodeIgniter\View\View->CodeIgniter\View\{closure}()
 2 SYSTEMPATH\Common.php(1190): CodeIgniter\View\View->render('packages_list', [], true)
 3 APPPATH\Controllers\Package.php(62): view('packages_list', [...])
 4 SYSTEMPATH\CodeIgniter.php(942): App\Controllers\Package->list()
 5 SYSTEMPATH\CodeIgniter.php(502): CodeIgniter\CodeIgniter->runController(Object(App\Controllers\Package))
 6 SYSTEMPATH\CodeIgniter.php(361): CodeIgniter\CodeIgniter->handleRequest(null, Object(Config\Cache), false)
 7 FCPATH\index.php(79): CodeIgniter\CodeIgniter->run()
 8 SYSTEMPATH\Commands\Server\rewrite.php(47): require_once('D:\\projects\\xampp\\htdocs\\seclob_app\\public\\index.php')
CRITICAL - 2023-10-28 06:05:47 --> Unclosed '{' on line 44 does not match ']'
in APPPATH\Views\packages_list.php on line 47.
 1 SYSTEMPATH\View\View.php(231): CodeIgniter\View\View->CodeIgniter\View\{closure}()
 2 SYSTEMPATH\Common.php(1190): CodeIgniter\View\View->render('packages_list', [], true)
 3 APPPATH\Controllers\Package.php(62): view('packages_list', [...])
 4 SYSTEMPATH\CodeIgniter.php(942): App\Controllers\Package->list()
 5 SYSTEMPATH\CodeIgniter.php(502): CodeIgniter\CodeIgniter->runController(Object(App\Controllers\Package))
 6 SYSTEMPATH\CodeIgniter.php(361): CodeIgniter\CodeIgniter->handleRequest(null, Object(Config\Cache), false)
 7 FCPATH\index.php(79): CodeIgniter\CodeIgniter->run()
 8 SYSTEMPATH\Commands\Server\rewrite.php(47): require_once('D:\\projects\\xampp\\htdocs\\seclob_app\\public\\index.php')
CRITICAL - 2023-10-28 06:07:40 --> Undefined variable $age
in APPPATH\Views\packages_list.php on line 44.
 1 APPPATH\Views\packages_list.php(44): CodeIgniter\Debug\Exceptions->errorHandler(2, 'Undefined variable $age', 'D:\\projects\\xampp\\htdocs\\seclob_app\\app\\Views\\packages_list.php', 44)
 2 SYSTEMPATH\View\View.php(228): include('D:\\projects\\xampp\\htdocs\\seclob_app\\app\\Views\\packages_list.php')
 3 SYSTEMPATH\View\View.php(231): CodeIgniter\View\View->CodeIgniter\View\{closure}()
 4 SYSTEMPATH\Common.php(1190): CodeIgniter\View\View->render('packages_list', [], true)
 5 APPPATH\Controllers\Package.php(62): view('packages_list', [...])
 6 SYSTEMPATH\CodeIgniter.php(942): App\Controllers\Package->list()
 7 SYSTEMPATH\CodeIgniter.php(502): CodeIgniter\CodeIgniter->runController(Object(App\Controllers\Package))
 8 SYSTEMPATH\CodeIgniter.php(361): CodeIgniter\CodeIgniter->handleRequest(null, Object(Config\Cache), false)
 9 FCPATH\index.php(79): CodeIgniter\CodeIgniter->run()
10 SYSTEMPATH\Commands\Server\rewrite.php(47): require_once('D:\\projects\\xampp\\htdocs\\seclob_app\\public\\index.php')
CRITICAL - 2023-10-28 06:09:05 --> Trying to access array offset on value of type int
in APPPATH\Views\packages_list.php on line 47.
 1 APPPATH\Views\packages_list.php(47): CodeIgniter\Debug\Exceptions->errorHandler(2, 'Trying to access array offset on value of type int', 'D:\\projects\\xampp\\htdocs\\seclob_app\\app\\Views\\packages_list.php', 47)
 2 SYSTEMPATH\View\View.php(228): include('D:\\projects\\xampp\\htdocs\\seclob_app\\app\\Views\\packages_list.php')
 3 SYSTEMPATH\View\View.php(231): CodeIgniter\View\View->CodeIgniter\View\{closure}()
 4 SYSTEMPATH\Common.php(1190): CodeIgniter\View\View->render('packages_list', [], true)
 5 APPPATH\Controllers\Package.php(62): view('packages_list', [...])
 6 SYSTEMPATH\CodeIgniter.php(942): App\Controllers\Package->list()
 7 SYSTEMPATH\CodeIgniter.php(502): CodeIgniter\CodeIgniter->runController(Object(App\Controllers\Package))
 8 SYSTEMPATH\CodeIgniter.php(361): CodeIgniter\CodeIgniter->handleRequest(null, Object(Config\Cache), false)
 9 FCPATH\index.php(79): CodeIgniter\CodeIgniter->run()
10 SYSTEMPATH\Commands\Server\rewrite.php(47): require_once('D:\\projects\\xampp\\htdocs\\seclob_app\\public\\index.php')
CRITICAL - 2023-10-28 06:10:07 --> Trying to access array offset on value of type int
in APPPATH\Views\packages_list.php on line 50.
 1 APPPATH\Views\packages_list.php(50): CodeIgniter\Debug\Exceptions->errorHandler(2, 'Trying to access array offset on value of type int', 'D:\\projects\\xampp\\htdocs\\seclob_app\\app\\Views\\packages_list.php', 50)
 2 SYSTEMPATH\View\View.php(228): include('D:\\projects\\xampp\\htdocs\\seclob_app\\app\\Views\\packages_list.php')
 3 SYSTEMPATH\View\View.php(231): CodeIgniter\View\View->CodeIgniter\View\{closure}()
 4 SYSTEMPATH\Common.php(1190): CodeIgniter\View\View->render('packages_list', [], true)
 5 APPPATH\Controllers\Package.php(62): view('packages_list', [...])
 6 SYSTEMPATH\CodeIgniter.php(942): App\Controllers\Package->list()
 7 SYSTEMPATH\CodeIgniter.php(502): CodeIgniter\CodeIgniter->runController(Object(App\Controllers\Package))
 8 SYSTEMPATH\CodeIgniter.php(361): CodeIgniter\CodeIgniter->handleRequest(null, Object(Config\Cache), false)
 9 FCPATH\index.php(79): CodeIgniter\CodeIgniter->run()
10 SYSTEMPATH\Commands\Server\rewrite.php(47): require_once('D:\\projects\\xampp\\htdocs\\seclob_app\\public\\index.php')
CRITICAL - 2023-10-28 06:17:40 --> Cannot access offset of type string on string
in APPPATH\Views\packages_list.php on line 48.
 1 SYSTEMPATH\View\View.php(228): include()
 2 SYSTEMPATH\View\View.php(231): CodeIgniter\View\View->CodeIgniter\View\{closure}()
 3 SYSTEMPATH\Common.php(1190): CodeIgniter\View\View->render('packages_list', [], true)
 4 APPPATH\Controllers\Package.php(66): view('packages_list', [...])
 5 SYSTEMPATH\CodeIgniter.php(942): App\Controllers\Package->list()
 6 SYSTEMPATH\CodeIgniter.php(502): CodeIgniter\CodeIgniter->runController(Object(App\Controllers\Package))
 7 SYSTEMPATH\CodeIgniter.php(361): CodeIgniter\CodeIgniter->handleRequest(null, Object(Config\Cache), false)
 8 FCPATH\index.php(79): CodeIgniter\CodeIgniter->run()
 9 SYSTEMPATH\Commands\Server\rewrite.php(47): require_once('D:\\projects\\xampp\\htdocs\\seclob_app\\public\\index.php')
CRITICAL - 2023-10-28 06:18:08 --> Cannot access offset of type string on string
in APPPATH\Views\packages_list.php on line 48.
 1 SYSTEMPATH\View\View.php(228): include()
 2 SYSTEMPATH\View\View.php(231): CodeIgniter\View\View->CodeIgniter\View\{closure}()
 3 SYSTEMPATH\Common.php(1190): CodeIgniter\View\View->render('packages_list', [], true)
 4 APPPATH\Controllers\Package.php(66): view('packages_list', [...])
 5 SYSTEMPATH\CodeIgniter.php(942): App\Controllers\Package->list()
 6 SYSTEMPATH\CodeIgniter.php(502): CodeIgniter\CodeIgniter->runController(Object(App\Controllers\Package))
 7 SYSTEMPATH\CodeIgniter.php(361): CodeIgniter\CodeIgniter->handleRequest(null, Object(Config\Cache), false)
 8 FCPATH\index.php(79): CodeIgniter\CodeIgniter->run()
 9 SYSTEMPATH\Commands\Server\rewrite.php(47): require_once('D:\\projects\\xampp\\htdocs\\seclob_app\\public\\index.php')
CRITICAL - 2023-10-28 06:19:10 --> Array to string conversion
in APPPATH\Views\packages_list.php on line 45.
 1 APPPATH\Views\packages_list.php(45): CodeIgniter\Debug\Exceptions->errorHandler(2, 'Array to string conversion', 'D:\\projects\\xampp\\htdocs\\seclob_app\\app\\Views\\packages_list.php', 45)
 2 SYSTEMPATH\View\View.php(228): include('D:\\projects\\xampp\\htdocs\\seclob_app\\app\\Views\\packages_list.php')
 3 SYSTEMPATH\View\View.php(231): CodeIgniter\View\View->CodeIgniter\View\{closure}()
 4 SYSTEMPATH\Common.php(1190): CodeIgniter\View\View->render('packages_list', [], true)
 5 APPPATH\Controllers\Package.php(66): view('packages_list', [...])
 6 SYSTEMPATH\CodeIgniter.php(942): App\Controllers\Package->list()
 7 SYSTEMPATH\CodeIgniter.php(502): CodeIgniter\CodeIgniter->runController(Object(App\Controllers\Package))
 8 SYSTEMPATH\CodeIgniter.php(361): CodeIgniter\CodeIgniter->handleRequest(null, Object(Config\Cache), false)
 9 FCPATH\index.php(79): CodeIgniter\CodeIgniter->run()
10 SYSTEMPATH\Commands\Server\rewrite.php(47): require_once('D:\\projects\\xampp\\htdocs\\seclob_app\\public\\index.php')
CRITICAL - 2023-10-28 06:21:53 --> Cannot use object of type stdClass as array
in APPPATH\Views\packages_list.php on line 48.
 1 SYSTEMPATH\View\View.php(228): include()
 2 SYSTEMPATH\View\View.php(231): CodeIgniter\View\View->CodeIgniter\View\{closure}()
 3 SYSTEMPATH\Common.php(1190): CodeIgniter\View\View->render('packages_list', [], true)
 4 APPPATH\Controllers\Package.php(66): view('packages_list', [...])
 5 SYSTEMPATH\CodeIgniter.php(942): App\Controllers\Package->list()
 6 SYSTEMPATH\CodeIgniter.php(502): CodeIgniter\CodeIgniter->runController(Object(App\Controllers\Package))
 7 SYSTEMPATH\CodeIgniter.php(361): CodeIgniter\CodeIgniter->handleRequest(null, Object(Config\Cache), false)
 8 FCPATH\index.php(79): CodeIgniter\CodeIgniter->run()
 9 SYSTEMPATH\Commands\Server\rewrite.php(47): require_once('D:\\projects\\xampp\\htdocs\\seclob_app\\public\\index.php')
ERROR - 2023-10-28 06:32:18 --> mysqli_sql_exception: Unknown column 'name' in 'field list' in D:\projects\xampp\htdocs\seclob_app\system\Database\MySQLi\Connection.php:306
Stack trace:
#0 D:\projects\xampp\htdocs\seclob_app\system\Database\MySQLi\Connection.php(306): mysqli->query('SELECT name FRO...', 0)
#1 D:\projects\xampp\htdocs\seclob_app\system\Database\BaseConnection.php(693): CodeIgniter\Database\MySQLi\Connection->execute('SELECT name FRO...')
#2 D:\projects\xampp\htdocs\seclob_app\system\Database\BaseConnection.php(607): CodeIgniter\Database\BaseConnection->simpleQuery('SELECT name FRO...')
#3 D:\projects\xampp\htdocs\seclob_app\app\Models\UserModel.php(22): CodeIgniter\Database\BaseConnection->query('SELECT name FRO...')
#4 D:\projects\xampp\htdocs\seclob_app\app\Controllers\Login.php(36): App\Models\UserModel->user(Array)
#5 D:\projects\xampp\htdocs\seclob_app\system\CodeIgniter.php(942): App\Controllers\Login->user()
#6 D:\projects\xampp\htdocs\seclob_app\system\CodeIgniter.php(502): CodeIgniter\CodeIgniter->runController(Object(App\Controllers\Login))
#7 D:\projects\xampp\htdocs\seclob_app\system\CodeIgniter.php(361): CodeIgniter\CodeIgniter->handleRequest(NULL, Object(Config\Cache), false)
#8 D:\projects\xampp\htdocs\seclob_app\public\index.php(79): CodeIgniter\CodeIgniter->run()
#9 D:\projects\xampp\htdocs\seclob_app\system\Commands\Server\rewrite.php(47): require_once('D:\\projects\\xam...')
#10 {main}
CRITICAL - 2023-10-28 06:32:18 --> Unknown column 'name' in 'field list'
in SYSTEMPATH\Database\BaseConnection.php on line 647.
 1 APPPATH\Models\UserModel.php(22): CodeIgniter\Database\BaseConnection->query('SELECT name FROM user LIMIT 1')
 2 APPPATH\Controllers\Login.php(36): App\Models\UserModel->user([...])
 3 SYSTEMPATH\CodeIgniter.php(942): App\Controllers\Login->user()
 4 SYSTEMPATH\CodeIgniter.php(502): CodeIgniter\CodeIgniter->runController(Object(App\Controllers\Login))
 5 SYSTEMPATH\CodeIgniter.php(361): CodeIgniter\CodeIgniter->handleRequest(null, Object(Config\Cache), false)
 6 FCPATH\index.php(79): CodeIgniter\CodeIgniter->run()
 7 SYSTEMPATH\Commands\Server\rewrite.php(47): require_once('D:\\projects\\xampp\\htdocs\\seclob_app\\public\\index.php')
ERROR - 2023-10-28 06:34:47 --> mysqli_sql_exception: You have an error in your SQL syntax; check the manual that corresponds to your MariaDB server version for the right syntax to use near '@seclob.com AND password=3f8c25c97cd67e46bf59f4d9b74ee63d LIMIT 1' at line 1 in D:\projects\xampp\htdocs\seclob_app\system\Database\MySQLi\Connection.php:306
Stack trace:
#0 D:\projects\xampp\htdocs\seclob_app\system\Database\MySQLi\Connection.php(306): mysqli->query('SELECT * FROM u...', 0)
#1 D:\projects\xampp\htdocs\seclob_app\system\Database\BaseConnection.php(693): CodeIgniter\Database\MySQLi\Connection->execute('SELECT * FROM u...')
#2 D:\projects\xampp\htdocs\seclob_app\system\Database\BaseConnection.php(607): CodeIgniter\Database\BaseConnection->simpleQuery('SELECT * FROM u...')
#3 D:\projects\xampp\htdocs\seclob_app\app\Models\UserModel.php(22): CodeIgniter\Database\BaseConnection->query('SELECT * FROM u...')
#4 D:\projects\xampp\htdocs\seclob_app\app\Controllers\Login.php(36): App\Models\UserModel->user(Array)
#5 D:\projects\xampp\htdocs\seclob_app\system\CodeIgniter.php(942): App\Controllers\Login->user()
#6 D:\projects\xampp\htdocs\seclob_app\system\CodeIgniter.php(502): CodeIgniter\CodeIgniter->runController(Object(App\Controllers\Login))
#7 D:\projects\xampp\htdocs\seclob_app\system\CodeIgniter.php(361): CodeIgniter\CodeIgniter->handleRequest(NULL, Object(Config\Cache), false)
#8 D:\projects\xampp\htdocs\seclob_app\public\index.php(79): CodeIgniter\CodeIgniter->run()
#9 D:\projects\xampp\htdocs\seclob_app\system\Commands\Server\rewrite.php(47): require_once('D:\\projects\\xam...')
#10 {main}
CRITICAL - 2023-10-28 06:34:47 --> You have an error in your SQL syntax; check the manual that corresponds to your MariaDB server version for the right syntax to use near '@seclob.com AND password=3f8c25c97cd67e46bf59f4d9b74ee63d LIMIT 1' at line 1
in SYSTEMPATH\Database\BaseConnection.php on line 647.
 1 APPPATH\Models\UserModel.php(22): CodeIgniter\Database\BaseConnection->query('SELECT * FROM user WHERE email = super_admin@seclob.com AND password=3f8c25c97cd67e46bf59f4d9b74ee63d LIMIT 1')
 2 APPPATH\Controllers\Login.php(36): App\Models\UserModel->user([...])
 3 SYSTEMPATH\CodeIgniter.php(942): App\Controllers\Login->user()
 4 SYSTEMPATH\CodeIgniter.php(502): CodeIgniter\CodeIgniter->runController(Object(App\Controllers\Login))
 5 SYSTEMPATH\CodeIgniter.php(361): CodeIgniter\CodeIgniter->handleRequest(null, Object(Config\Cache), false)
 6 FCPATH\index.php(79): CodeIgniter\CodeIgniter->run()
 7 SYSTEMPATH\Commands\Server\rewrite.php(47): require_once('D:\\projects\\xampp\\htdocs\\seclob_app\\public\\index.php')
CRITICAL - 2023-10-28 06:42:32 --> count(): Argument #1 ($value) must be of type Countable|array, null given
in APPPATH\Controllers\Login.php on line 37.
 1 APPPATH\Controllers\Login.php(37): count(null)
 2 SYSTEMPATH\CodeIgniter.php(942): App\Controllers\Login->user()
 3 SYSTEMPATH\CodeIgniter.php(502): CodeIgniter\CodeIgniter->runController(Object(App\Controllers\Login))
 4 SYSTEMPATH\CodeIgniter.php(361): CodeIgniter\CodeIgniter->handleRequest(null, Object(Config\Cache), false)
 5 FCPATH\index.php(79): CodeIgniter\CodeIgniter->run()
 6 SYSTEMPATH\Commands\Server\rewrite.php(47): require_once('D:\\projects\\xampp\\htdocs\\seclob_app\\public\\index.php')
CRITICAL - 2023-10-28 06:42:37 --> count(): Argument #1 ($value) must be of type Countable|array, stdClass given
in APPPATH\Controllers\Login.php on line 37.
 1 APPPATH\Controllers\Login.php(37): count(Object(stdClass))
 2 SYSTEMPATH\CodeIgniter.php(942): App\Controllers\Login->user()
 3 SYSTEMPATH\CodeIgniter.php(502): CodeIgniter\CodeIgniter->runController(Object(App\Controllers\Login))
 4 SYSTEMPATH\CodeIgniter.php(361): CodeIgniter\CodeIgniter->handleRequest(null, Object(Config\Cache), false)
 5 FCPATH\index.php(79): CodeIgniter\CodeIgniter->run()
 6 SYSTEMPATH\Commands\Server\rewrite.php(47): require_once('D:\\projects\\xampp\\htdocs\\seclob_app\\public\\index.php')
CRITICAL - 2023-10-28 06:45:51 --> count(): Argument #1 ($value) must be of type Countable|array, CodeIgniter\Database\MySQLi\Result given
in APPPATH\Controllers\Login.php on line 37.
 1 APPPATH\Controllers\Login.php(37): count(Object(CodeIgniter\Database\MySQLi\Result))
 2 SYSTEMPATH\CodeIgniter.php(942): App\Controllers\Login->user()
 3 SYSTEMPATH\CodeIgniter.php(502): CodeIgniter\CodeIgniter->runController(Object(App\Controllers\Login))
 4 SYSTEMPATH\CodeIgniter.php(361): CodeIgniter\CodeIgniter->handleRequest(null, Object(Config\Cache), false)
 5 FCPATH\index.php(79): CodeIgniter\CodeIgniter->run()
 6 SYSTEMPATH\Commands\Server\rewrite.php(47): require_once('D:\\projects\\xampp\\htdocs\\seclob_app\\public\\index.php')
CRITICAL - 2023-10-28 06:46:03 --> count(): Argument #1 ($value) must be of type Countable|array, CodeIgniter\Database\MySQLi\Result given
in APPPATH\Controllers\Login.php on line 37.
 1 APPPATH\Controllers\Login.php(37): count(Object(CodeIgniter\Database\MySQLi\Result))
 2 SYSTEMPATH\CodeIgniter.php(942): App\Controllers\Login->user()
 3 SYSTEMPATH\CodeIgniter.php(502): CodeIgniter\CodeIgniter->runController(Object(App\Controllers\Login))
 4 SYSTEMPATH\CodeIgniter.php(361): CodeIgniter\CodeIgniter->handleRequest(null, Object(Config\Cache), false)
 5 FCPATH\index.php(79): CodeIgniter\CodeIgniter->run()
 6 SYSTEMPATH\Commands\Server\rewrite.php(47): require_once('D:\\projects\\xampp\\htdocs\\seclob_app\\public\\index.php')
CRITICAL - 2023-10-28 06:46:06 --> count(): Argument #1 ($value) must be of type Countable|array, CodeIgniter\Database\MySQLi\Result given
in APPPATH\Controllers\Login.php on line 37.
 1 APPPATH\Controllers\Login.php(37): count(Object(CodeIgniter\Database\MySQLi\Result))
 2 SYSTEMPATH\CodeIgniter.php(942): App\Controllers\Login->user()
 3 SYSTEMPATH\CodeIgniter.php(502): CodeIgniter\CodeIgniter->runController(Object(App\Controllers\Login))
 4 SYSTEMPATH\CodeIgniter.php(361): CodeIgniter\CodeIgniter->handleRequest(null, Object(Config\Cache), false)
 5 FCPATH\index.php(79): CodeIgniter\CodeIgniter->run()
 6 SYSTEMPATH\Commands\Server\rewrite.php(47): require_once('D:\\projects\\xampp\\htdocs\\seclob_app\\public\\index.php')
CRITICAL - 2023-10-28 06:46:48 --> count(): Argument #1 ($value) must be of type Countable|array, CodeIgniter\Database\MySQLi\Result given
in APPPATH\Controllers\Login.php on line 37.
 1 APPPATH\Controllers\Login.php(37): count(Object(CodeIgniter\Database\MySQLi\Result))
 2 SYSTEMPATH\CodeIgniter.php(942): App\Controllers\Login->user()
 3 SYSTEMPATH\CodeIgniter.php(502): CodeIgniter\CodeIgniter->runController(Object(App\Controllers\Login))
 4 SYSTEMPATH\CodeIgniter.php(361): CodeIgniter\CodeIgniter->handleRequest(null, Object(Config\Cache), false)
 5 FCPATH\index.php(79): CodeIgniter\CodeIgniter->run()
 6 SYSTEMPATH\Commands\Server\rewrite.php(47): require_once('D:\\projects\\xampp\\htdocs\\seclob_app\\public\\index.php')
CRITICAL - 2023-10-28 06:47:23 --> count(): Argument #1 ($value) must be of type Countable|array, CodeIgniter\Database\MySQLi\Result given
in APPPATH\Controllers\Login.php on line 37.
 1 APPPATH\Controllers\Login.php(37): count(Object(CodeIgniter\Database\MySQLi\Result))
 2 SYSTEMPATH\CodeIgniter.php(942): App\Controllers\Login->user()
 3 SYSTEMPATH\CodeIgniter.php(502): CodeIgniter\CodeIgniter->runController(Object(App\Controllers\Login))
 4 SYSTEMPATH\CodeIgniter.php(361): CodeIgniter\CodeIgniter->handleRequest(null, Object(Config\Cache), false)
 5 FCPATH\index.php(79): CodeIgniter\CodeIgniter->run()
 6 SYSTEMPATH\Commands\Server\rewrite.php(47): require_once('D:\\projects\\xampp\\htdocs\\seclob_app\\public\\index.php')
CRITICAL - 2023-10-28 06:48:18 --> count(): Argument #1 ($value) must be of type Countable|array, CodeIgniter\Database\MySQLi\Result given
in APPPATH\Controllers\Login.php on line 37.
 1 APPPATH\Controllers\Login.php(37): count(Object(CodeIgniter\Database\MySQLi\Result))
 2 SYSTEMPATH\CodeIgniter.php(942): App\Controllers\Login->user()
 3 SYSTEMPATH\CodeIgniter.php(502): CodeIgniter\CodeIgniter->runController(Object(App\Controllers\Login))
 4 SYSTEMPATH\CodeIgniter.php(361): CodeIgniter\CodeIgniter->handleRequest(null, Object(Config\Cache), false)
 5 FCPATH\index.php(79): CodeIgniter\CodeIgniter->run()
 6 SYSTEMPATH\Commands\Server\rewrite.php(47): require_once('D:\\projects\\xampp\\htdocs\\seclob_app\\public\\index.php')
CRITICAL - 2023-10-28 06:52:28 --> Object of class stdClass could not be converted to string
in APPPATH\Models\UserModel.php on line 25.
 1 APPPATH\Controllers\Login.php(36): App\Models\UserModel->user([...])
 2 SYSTEMPATH\CodeIgniter.php(942): App\Controllers\Login->user()
 3 SYSTEMPATH\CodeIgniter.php(502): CodeIgniter\CodeIgniter->runController(Object(App\Controllers\Login))
 4 SYSTEMPATH\CodeIgniter.php(361): CodeIgniter\CodeIgniter->handleRequest(null, Object(Config\Cache), false)
 5 FCPATH\index.php(79): CodeIgniter\CodeIgniter->run()
 6 SYSTEMPATH\Commands\Server\rewrite.php(47): require_once('D:\\projects\\xampp\\htdocs\\seclob_app\\public\\index.php')
CRITICAL - 2023-10-28 06:53:16 --> Object of class stdClass could not be converted to string
in APPPATH\Models\UserModel.php on line 25.
 1 APPPATH\Controllers\Login.php(36): App\Models\UserModel->user([...])
 2 SYSTEMPATH\CodeIgniter.php(942): App\Controllers\Login->user()
 3 SYSTEMPATH\CodeIgniter.php(502): CodeIgniter\CodeIgniter->runController(Object(App\Controllers\Login))
 4 SYSTEMPATH\CodeIgniter.php(361): CodeIgniter\CodeIgniter->handleRequest(null, Object(Config\Cache), false)
 5 FCPATH\index.php(79): CodeIgniter\CodeIgniter->run()
 6 SYSTEMPATH\Commands\Server\rewrite.php(47): require_once('D:\\projects\\xampp\\htdocs\\seclob_app\\public\\index.php')
CRITICAL - 2023-10-28 06:56:16 --> count(): Argument #1 ($value) must be of type Countable|array, stdClass given
in APPPATH\Controllers\Login.php on line 38.
 1 APPPATH\Controllers\Login.php(38): count(Object(stdClass))
 2 SYSTEMPATH\CodeIgniter.php(942): App\Controllers\Login->user()
 3 SYSTEMPATH\CodeIgniter.php(502): CodeIgniter\CodeIgniter->runController(Object(App\Controllers\Login))
 4 SYSTEMPATH\CodeIgniter.php(361): CodeIgniter\CodeIgniter->handleRequest(null, Object(Config\Cache), false)
 5 FCPATH\index.php(79): CodeIgniter\CodeIgniter->run()
 6 SYSTEMPATH\Commands\Server\rewrite.php(47): require_once('D:\\projects\\xampp\\htdocs\\seclob_app\\public\\index.php')
CRITICAL - 2023-10-28 06:58:29 --> count(): Argument #1 ($value) must be of type Countable|array, stdClass given
in APPPATH\Controllers\Login.php on line 38.
 1 APPPATH\Controllers\Login.php(38): count(Object(stdClass))
 2 SYSTEMPATH\CodeIgniter.php(942): App\Controllers\Login->user()
 3 SYSTEMPATH\CodeIgniter.php(502): CodeIgniter\CodeIgniter->runController(Object(App\Controllers\Login))
 4 SYSTEMPATH\CodeIgniter.php(361): CodeIgniter\CodeIgniter->handleRequest(null, Object(Config\Cache), false)
 5 FCPATH\index.php(79): CodeIgniter\CodeIgniter->run()
 6 SYSTEMPATH\Commands\Server\rewrite.php(47): require_once('D:\\projects\\xampp\\htdocs\\seclob_app\\public\\index.php')
CRITICAL - 2023-10-28 06:59:55 --> Cannot use object of type stdClass as array
in APPPATH\Controllers\Login.php on line 37.
 1 SYSTEMPATH\CodeIgniter.php(942): App\Controllers\Login->user()
 2 SYSTEMPATH\CodeIgniter.php(502): CodeIgniter\CodeIgniter->runController(Object(App\Controllers\Login))
 3 SYSTEMPATH\CodeIgniter.php(361): CodeIgniter\CodeIgniter->handleRequest(null, Object(Config\Cache), false)
 4 FCPATH\index.php(79): CodeIgniter\CodeIgniter->run()
 5 SYSTEMPATH\Commands\Server\rewrite.php(47): require_once('D:\\projects\\xampp\\htdocs\\seclob_app\\public\\index.php')
CRITICAL - 2023-10-28 07:00:24 --> Cannot use object of type stdClass as array
in APPPATH\Controllers\Login.php on line 37.
 1 SYSTEMPATH\CodeIgniter.php(942): App\Controllers\Login->user()
 2 SYSTEMPATH\CodeIgniter.php(502): CodeIgniter\CodeIgniter->runController(Object(App\Controllers\Login))
 3 SYSTEMPATH\CodeIgniter.php(361): CodeIgniter\CodeIgniter->handleRequest(null, Object(Config\Cache), false)
 4 FCPATH\index.php(79): CodeIgniter\CodeIgniter->run()
 5 SYSTEMPATH\Commands\Server\rewrite.php(47): require_once('D:\\projects\\xampp\\htdocs\\seclob_app\\public\\index.php')
CRITICAL - 2023-10-28 07:01:08 --> Cannot use object of type stdClass as array
in APPPATH\Controllers\Login.php on line 37.
 1 SYSTEMPATH\CodeIgniter.php(942): App\Controllers\Login->user()
 2 SYSTEMPATH\CodeIgniter.php(502): CodeIgniter\CodeIgniter->runController(Object(App\Controllers\Login))
 3 SYSTEMPATH\CodeIgniter.php(361): CodeIgniter\CodeIgniter->handleRequest(null, Object(Config\Cache), false)
 4 FCPATH\index.php(79): CodeIgniter\CodeIgniter->run()
 5 SYSTEMPATH\Commands\Server\rewrite.php(47): require_once('D:\\projects\\xampp\\htdocs\\seclob_app\\public\\index.php')
CRITICAL - 2023-10-28 07:01:42 --> Cannot use object of type stdClass as array
in APPPATH\Controllers\Login.php on line 37.
 1 SYSTEMPATH\CodeIgniter.php(942): App\Controllers\Login->user()
 2 SYSTEMPATH\CodeIgniter.php(502): CodeIgniter\CodeIgniter->runController(Object(App\Controllers\Login))
 3 SYSTEMPATH\CodeIgniter.php(361): CodeIgniter\CodeIgniter->handleRequest(null, Object(Config\Cache), false)
 4 FCPATH\index.php(79): CodeIgniter\CodeIgniter->run()
 5 SYSTEMPATH\Commands\Server\rewrite.php(47): require_once('D:\\projects\\xampp\\htdocs\\seclob_app\\public\\index.php')
CRITICAL - 2023-10-28 07:02:09 --> Object of class stdClass could not be converted to string
in APPPATH\Controllers\Login.php on line 37.
 1 SYSTEMPATH\CodeIgniter.php(942): App\Controllers\Login->user()
 2 SYSTEMPATH\CodeIgniter.php(502): CodeIgniter\CodeIgniter->runController(Object(App\Controllers\Login))
 3 SYSTEMPATH\CodeIgniter.php(361): CodeIgniter\CodeIgniter->handleRequest(null, Object(Config\Cache), false)
 4 FCPATH\index.php(79): CodeIgniter\CodeIgniter->run()
 5 SYSTEMPATH\Commands\Server\rewrite.php(47): require_once('D:\\projects\\xampp\\htdocs\\seclob_app\\public\\index.php')
CRITICAL - 2023-10-28 07:02:24 --> count(): Argument #1 ($value) must be of type Countable|array, stdClass given
in APPPATH\Controllers\Login.php on line 37.
 1 APPPATH\Controllers\Login.php(37): count(Object(stdClass))
 2 SYSTEMPATH\CodeIgniter.php(942): App\Controllers\Login->user()
 3 SYSTEMPATH\CodeIgniter.php(502): CodeIgniter\CodeIgniter->runController(Object(App\Controllers\Login))
 4 SYSTEMPATH\CodeIgniter.php(361): CodeIgniter\CodeIgniter->handleRequest(null, Object(Config\Cache), false)
 5 FCPATH\index.php(79): CodeIgniter\CodeIgniter->run()
 6 SYSTEMPATH\Commands\Server\rewrite.php(47): require_once('D:\\projects\\xampp\\htdocs\\seclob_app\\public\\index.php')
CRITICAL - 2023-10-28 07:24:33 --> The namespace delimiter is a backslash (\), not a slash (/). Route handler: "\App\Controllers\api/Packages::list"
in SYSTEMPATH\Router\Router.php on line 479.
 1 SYSTEMPATH\Router\Router.php(479): CodeIgniter\Router\Exceptions\RouterException::forInvalidControllerName('\\App\\Controllers\\api/Packages::list')
 2 SYSTEMPATH\Router\Router.php(186): CodeIgniter\Router\Router->checkRoutes('api/packages/list')
 3 SYSTEMPATH\CodeIgniter.php(823): CodeIgniter\Router\Router->handle('api/packages/list')
 4 SYSTEMPATH\CodeIgniter.php(450): CodeIgniter\CodeIgniter->tryToRouteIt(Object(CodeIgniter\Router\RouteCollection))
 5 SYSTEMPATH\CodeIgniter.php(361): CodeIgniter\CodeIgniter->handleRequest(null, Object(Config\Cache), false)
 6 FCPATH\index.php(79): CodeIgniter\CodeIgniter->run()
 7 SYSTEMPATH\Commands\Server\rewrite.php(47): require_once('D:\\projects\\xampp\\htdocs\\seclob_app\\public\\index.php')
CRITICAL - 2023-10-28 07:35:59 --> The namespace delimiter is a backslash (\), not a slash (/). Route handler: "\App\Controllers\api/Package::list"
in SYSTEMPATH\Router\Router.php on line 479.
 1 SYSTEMPATH\Router\Router.php(479): CodeIgniter\Router\Exceptions\RouterException::forInvalidControllerName('\\App\\Controllers\\api/Package::list')
 2 SYSTEMPATH\Router\Router.php(186): CodeIgniter\Router\Router->checkRoutes('data/packages/list')
 3 SYSTEMPATH\CodeIgniter.php(823): CodeIgniter\Router\Router->handle('data/packages/list')
 4 SYSTEMPATH\CodeIgniter.php(450): CodeIgniter\CodeIgniter->tryToRouteIt(Object(CodeIgniter\Router\RouteCollection))
 5 SYSTEMPATH\CodeIgniter.php(361): CodeIgniter\CodeIgniter->handleRequest(null, Object(Config\Cache), false)
 6 FCPATH\index.php(79): CodeIgniter\CodeIgniter->run()
 7 SYSTEMPATH\Commands\Server\rewrite.php(47): require_once('D:\\projects\\xampp\\htdocs\\seclob_app\\public\\index.php')
CRITICAL - 2023-10-28 07:40:21 --> The namespace delimiter is a backslash (\), not a slash (/). Route handler: "\App\Controllers\api/Package::list"
in SYSTEMPATH\Router\Router.php on line 479.
 1 SYSTEMPATH\Router\Router.php(479): CodeIgniter\Router\Exceptions\RouterException::forInvalidControllerName('\\App\\Controllers\\api/Package::list')
 2 SYSTEMPATH\Router\Router.php(186): CodeIgniter\Router\Router->checkRoutes('data/packages/list')
 3 SYSTEMPATH\CodeIgniter.php(823): CodeIgniter\Router\Router->handle('data/packages/list')
 4 SYSTEMPATH\CodeIgniter.php(450): CodeIgniter\CodeIgniter->tryToRouteIt(Object(CodeIgniter\Router\RouteCollection))
 5 SYSTEMPATH\CodeIgniter.php(361): CodeIgniter\CodeIgniter->handleRequest(null, Object(Config\Cache), false)
 6 FCPATH\index.php(79): CodeIgniter\CodeIgniter->run()
 7 SYSTEMPATH\Commands\Server\rewrite.php(47): require_once('D:\\projects\\xampp\\htdocs\\seclob_app\\public\\index.php')
CRITICAL - 2023-10-28 07:45:44 --> The namespace delimiter is a backslash (\), not a slash (/). Route handler: "\App\Controllers\Api/Packages::index"
in SYSTEMPATH\Router\Router.php on line 479.
 1 SYSTEMPATH\Router\Router.php(479): CodeIgniter\Router\Exceptions\RouterException::forInvalidControllerName('\\App\\Controllers\\Api/Packages::index')
 2 SYSTEMPATH\Router\Router.php(186): CodeIgniter\Router\Router->checkRoutes('api/packages/list')
 3 SYSTEMPATH\CodeIgniter.php(823): CodeIgniter\Router\Router->handle('api/packages/list')
 4 SYSTEMPATH\CodeIgniter.php(450): CodeIgniter\CodeIgniter->tryToRouteIt(Object(CodeIgniter\Router\RouteCollection))
 5 SYSTEMPATH\CodeIgniter.php(361): CodeIgniter\CodeIgniter->handleRequest(null, Object(Config\Cache), false)
 6 FCPATH\index.php(79): CodeIgniter\CodeIgniter->run()
 7 SYSTEMPATH\Commands\Server\rewrite.php(47): require_once('D:\\projects\\xampp\\htdocs\\seclob_app\\public\\index.php')
CRITICAL - 2023-10-28 07:47:53 --> The namespace delimiter is a backslash (\), not a slash (/). Route handler: "\App\Controllers\Api/Packages::index"
in SYSTEMPATH\Router\Router.php on line 479.
 1 SYSTEMPATH\Router\Router.php(479): CodeIgniter\Router\Exceptions\RouterException::forInvalidControllerName('\\App\\Controllers\\Api/Packages::index')
 2 SYSTEMPATH\Router\Router.php(186): CodeIgniter\Router\Router->checkRoutes('api/packages/list')
 3 SYSTEMPATH\CodeIgniter.php(823): CodeIgniter\Router\Router->handle('api/packages/list')
 4 SYSTEMPATH\CodeIgniter.php(450): CodeIgniter\CodeIgniter->tryToRouteIt(Object(CodeIgniter\Router\RouteCollection))
 5 SYSTEMPATH\CodeIgniter.php(361): CodeIgniter\CodeIgniter->handleRequest(null, Object(Config\Cache), false)
 6 FCPATH\index.php(79): CodeIgniter\CodeIgniter->run()
 7 SYSTEMPATH\Commands\Server\rewrite.php(47): require_once('D:\\projects\\xampp\\htdocs\\seclob_app\\public\\index.php')
CRITICAL - 2023-10-28 07:49:24 --> The namespace delimiter is a backslash (\), not a slash (/). Route handler: "\App\Controllers\Api/Packages::index"
in SYSTEMPATH\Router\Router.php on line 479.
 1 SYSTEMPATH\Router\Router.php(479): CodeIgniter\Router\Exceptions\RouterException::forInvalidControllerName('\\App\\Controllers\\Api/Packages::index')
 2 SYSTEMPATH\Router\Router.php(186): CodeIgniter\Router\Router->checkRoutes('api/packages/list')
 3 SYSTEMPATH\CodeIgniter.php(823): CodeIgniter\Router\Router->handle('api/packages/list')
 4 SYSTEMPATH\CodeIgniter.php(450): CodeIgniter\CodeIgniter->tryToRouteIt(Object(CodeIgniter\Router\RouteCollection))
 5 SYSTEMPATH\CodeIgniter.php(361): CodeIgniter\CodeIgniter->handleRequest(null, Object(Config\Cache), false)
 6 FCPATH\index.php(79): CodeIgniter\CodeIgniter->run()
 7 SYSTEMPATH\Commands\Server\rewrite.php(47): require_once('D:\\projects\\xampp\\htdocs\\seclob_app\\public\\index.php')
CRITICAL - 2023-10-28 07:49:43 --> The namespace delimiter is a backslash (\), not a slash (/). Route handler: "\App\Controllers\Api/Packagess::index"
in SYSTEMPATH\Router\Router.php on line 479.
 1 SYSTEMPATH\Router\Router.php(479): CodeIgniter\Router\Exceptions\RouterException::forInvalidControllerName('\\App\\Controllers\\Api/Packagess::index')
 2 SYSTEMPATH\Router\Router.php(186): CodeIgniter\Router\Router->checkRoutes('api/packages/list')
 3 SYSTEMPATH\CodeIgniter.php(823): CodeIgniter\Router\Router->handle('api/packages/list')
 4 SYSTEMPATH\CodeIgniter.php(450): CodeIgniter\CodeIgniter->tryToRouteIt(Object(CodeIgniter\Router\RouteCollection))
 5 SYSTEMPATH\CodeIgniter.php(361): CodeIgniter\CodeIgniter->handleRequest(null, Object(Config\Cache), false)
 6 FCPATH\index.php(79): CodeIgniter\CodeIgniter->run()
 7 SYSTEMPATH\Commands\Server\rewrite.php(47): require_once('D:\\projects\\xampp\\htdocs\\seclob_app\\public\\index.php')
CRITICAL - 2023-10-28 07:50:47 --> The namespace delimiter is a backslash (\), not a slash (/). Route handler: "\App\Controllers\Api/Packages::index"
in SYSTEMPATH\Router\Router.php on line 479.
 1 SYSTEMPATH\Router\Router.php(479): CodeIgniter\Router\Exceptions\RouterException::forInvalidControllerName('\\App\\Controllers\\Api/Packages::index')
 2 SYSTEMPATH\Router\Router.php(186): CodeIgniter\Router\Router->checkRoutes('api/packages/list')
 3 SYSTEMPATH\CodeIgniter.php(823): CodeIgniter\Router\Router->handle('api/packages/list')
 4 SYSTEMPATH\CodeIgniter.php(450): CodeIgniter\CodeIgniter->tryToRouteIt(Object(CodeIgniter\Router\RouteCollection))
 5 SYSTEMPATH\CodeIgniter.php(361): CodeIgniter\CodeIgniter->handleRequest(null, Object(Config\Cache), false)
 6 FCPATH\index.php(79): CodeIgniter\CodeIgniter->run()
 7 SYSTEMPATH\Commands\Server\rewrite.php(47): require_once('D:\\projects\\xampp\\htdocs\\seclob_app\\public\\index.php')
CRITICAL - 2023-10-28 08:01:56 --> Undefined variable $packages
in APPPATH\Views\packages_list.php on line 45.
 1 APPPATH\Views\packages_list.php(45): CodeIgniter\Debug\Exceptions->errorHandler(2, 'Undefined variable $packages', 'D:\\projects\\xampp\\htdocs\\seclob_app\\app\\Views\\packages_list.php', 45)
 2 SYSTEMPATH\View\View.php(228): include('D:\\projects\\xampp\\htdocs\\seclob_app\\app\\Views\\packages_list.php')
 3 SYSTEMPATH\View\View.php(231): CodeIgniter\View\View->CodeIgniter\View\{closure}()
 4 SYSTEMPATH\Common.php(1190): CodeIgniter\View\View->render('packages_list', [], true)
 5 APPPATH\Controllers\Package.php(68): view('packages_list', [])
 6 SYSTEMPATH\CodeIgniter.php(942): App\Controllers\Package->list()
 7 SYSTEMPATH\CodeIgniter.php(502): CodeIgniter\CodeIgniter->runController(Object(App\Controllers\Package))
 8 SYSTEMPATH\CodeIgniter.php(361): CodeIgniter\CodeIgniter->handleRequest(null, Object(Config\Cache), false)
 9 FCPATH\index.php(79): CodeIgniter\CodeIgniter->run()
10 SYSTEMPATH\Commands\Server\rewrite.php(47): require_once('D:\\projects\\xampp\\htdocs\\seclob_app\\public\\index.php')
CRITICAL - 2023-10-28 08:18:19 --> syntax error, unexpected identifier "member_type", expecting "]"
in APPPATH\Controllers\Member.php on line 30.
 1 SYSTEMPATH\Autoloader\Autoloader.php(291): CodeIgniter\Autoloader\Autoloader->includeFile('D:\\projects\\xampp\\htdocs\\seclob_app\\app\\Controllers\\Member.php')
 2 SYSTEMPATH\Autoloader\Autoloader.php(269): CodeIgniter\Autoloader\Autoloader->loadInNamespace('App\\Controllers\\Member')
 3 [internal function]: CodeIgniter\Autoloader\Autoloader->loadClass('App\\Controllers\\Member')
 4 SYSTEMPATH\CodeIgniter.php(900): class_exists('\\App\\Controllers\\Member', true)
 5 SYSTEMPATH\CodeIgniter.php(489): CodeIgniter\CodeIgniter->startController()
 6 SYSTEMPATH\CodeIgniter.php(361): CodeIgniter\CodeIgniter->handleRequest(null, Object(Config\Cache), false)
 7 FCPATH\index.php(79): CodeIgniter\CodeIgniter->run()
 8 SYSTEMPATH\Commands\Server\rewrite.php(47): require_once('D:\\projects\\xampp\\htdocs\\seclob_app\\public\\index.php')
ERROR - 2023-10-28 08:27:08 --> mysqli_sql_exception: Unknown column 'package_name' in 'field list' in D:\projects\xampp\htdocs\seclob_app\system\Database\MySQLi\Connection.php:306
Stack trace:
#0 D:\projects\xampp\htdocs\seclob_app\system\Database\MySQLi\Connection.php(306): mysqli->query('INSERT INTO `me...', 0)
#1 D:\projects\xampp\htdocs\seclob_app\system\Database\BaseConnection.php(693): CodeIgniter\Database\MySQLi\Connection->execute('INSERT INTO `me...')
#2 D:\projects\xampp\htdocs\seclob_app\system\Database\BaseConnection.php(607): CodeIgniter\Database\BaseConnection->simpleQuery('INSERT INTO `me...')
#3 D:\projects\xampp\htdocs\seclob_app\system\Database\BaseBuilder.php(2308): CodeIgniter\Database\BaseConnection->query('INSERT INTO `me...', Array, false)
#4 D:\projects\xampp\htdocs\seclob_app\app\Models\MemberModel.php(15): CodeIgniter\Database\BaseBuilder->insert(Array)
#5 D:\projects\xampp\htdocs\seclob_app\app\Controllers\Member.php(51): App\Models\MemberModel->add(Array)
#6 D:\projects\xampp\htdocs\seclob_app\system\CodeIgniter.php(942): App\Controllers\Member->save()
#7 D:\projects\xampp\htdocs\seclob_app\system\CodeIgniter.php(502): CodeIgniter\CodeIgniter->runController(Object(App\Controllers\Member))
#8 D:\projects\xampp\htdocs\seclob_app\system\CodeIgniter.php(361): CodeIgniter\CodeIgniter->handleRequest(NULL, Object(Config\Cache), false)
#9 D:\projects\xampp\htdocs\seclob_app\public\index.php(79): CodeIgniter\CodeIgniter->run()
#10 D:\projects\xampp\htdocs\seclob_app\system\Commands\Server\rewrite.php(47): require_once('D:\\projects\\xam...')
#11 {main}
CRITICAL - 2023-10-28 08:27:08 --> Unknown column 'package_name' in 'field list'
in SYSTEMPATH\Database\BaseConnection.php on line 647.
 1 SYSTEMPATH\Database\BaseBuilder.php(2308): CodeIgniter\Database\BaseConnection->query('INSERT INTO `member` (`package_name`, `member_type`, `phone`, `email`, `address`, `users`, `parent_member_id`, `package_id`, `addOn_users`) VALUES (:package_name:, :member_type:, :phone:, :email:, :address:, :users:, :parent_member_id:, :package_id:, :addOn_users:)', [...], false)
 2 APPPATH\Models\MemberModel.php(15): CodeIgniter\Database\BaseBuilder->insert([...])
 3 APPPATH\Controllers\Member.php(51): App\Models\MemberModel->add([...])
 4 SYSTEMPATH\CodeIgniter.php(942): App\Controllers\Member->save()
 5 SYSTEMPATH\CodeIgniter.php(502): CodeIgniter\CodeIgniter->runController(Object(App\Controllers\Member))
 6 SYSTEMPATH\CodeIgniter.php(361): CodeIgniter\CodeIgniter->handleRequest(null, Object(Config\Cache), false)
 7 FCPATH\index.php(79): CodeIgniter\CodeIgniter->run()
 8 SYSTEMPATH\Commands\Server\rewrite.php(47): require_once('D:\\projects\\xampp\\htdocs\\seclob_app\\public\\index.php')
ERROR - 2023-10-28 08:27:44 --> mysqli_sql_exception: Unknown column 'phone' in 'field list' in D:\projects\xampp\htdocs\seclob_app\system\Database\MySQLi\Connection.php:306
Stack trace:
#0 D:\projects\xampp\htdocs\seclob_app\system\Database\MySQLi\Connection.php(306): mysqli->query('INSERT INTO `me...', 0)
#1 D:\projects\xampp\htdocs\seclob_app\system\Database\BaseConnection.php(693): CodeIgniter\Database\MySQLi\Connection->execute('INSERT INTO `me...')
#2 D:\projects\xampp\htdocs\seclob_app\system\Database\BaseConnection.php(607): CodeIgniter\Database\BaseConnection->simpleQuery('INSERT INTO `me...')
#3 D:\projects\xampp\htdocs\seclob_app\system\Database\BaseBuilder.php(2308): CodeIgniter\Database\BaseConnection->query('INSERT INTO `me...', Array, false)
#4 D:\projects\xampp\htdocs\seclob_app\app\Models\MemberModel.php(15): CodeIgniter\Database\BaseBuilder->insert(Array)
#5 D:\projects\xampp\htdocs\seclob_app\app\Controllers\Member.php(51): App\Models\MemberModel->add(Array)
#6 D:\projects\xampp\htdocs\seclob_app\system\CodeIgniter.php(942): App\Controllers\Member->save()
#7 D:\projects\xampp\htdocs\seclob_app\system\CodeIgniter.php(502): CodeIgniter\CodeIgniter->runController(Object(App\Controllers\Member))
#8 D:\projects\xampp\htdocs\seclob_app\system\CodeIgniter.php(361): CodeIgniter\CodeIgniter->handleRequest(NULL, Object(Config\Cache), false)
#9 D:\projects\xampp\htdocs\seclob_app\public\index.php(79): CodeIgniter\CodeIgniter->run()
#10 D:\projects\xampp\htdocs\seclob_app\system\Commands\Server\rewrite.php(47): require_once('D:\\projects\\xam...')
#11 {main}
CRITICAL - 2023-10-28 08:27:44 --> Unknown column 'phone' in 'field list'
in SYSTEMPATH\Database\BaseConnection.php on line 647.
 1 SYSTEMPATH\Database\BaseBuilder.php(2308): CodeIgniter\Database\BaseConnection->query('INSERT INTO `member` (`name`, `member_type`, `phone`, `email`, `address`, `users`, `parent_member_id`, `package_id`, `addOn_users`) VALUES (:name:, :member_type:, :phone:, :email:, :address:, :users:, :parent_member_id:, :package_id:, :addOn_users:)', [...], false)
 2 APPPATH\Models\MemberModel.php(15): CodeIgniter\Database\BaseBuilder->insert([...])
 3 APPPATH\Controllers\Member.php(51): App\Models\MemberModel->add([...])
 4 SYSTEMPATH\CodeIgniter.php(942): App\Controllers\Member->save()
 5 SYSTEMPATH\CodeIgniter.php(502): CodeIgniter\CodeIgniter->runController(Object(App\Controllers\Member))
 6 SYSTEMPATH\CodeIgniter.php(361): CodeIgniter\CodeIgniter->handleRequest(null, Object(Config\Cache), false)
 7 FCPATH\index.php(79): CodeIgniter\CodeIgniter->run()
 8 SYSTEMPATH\Commands\Server\rewrite.php(47): require_once('D:\\projects\\xampp\\htdocs\\seclob_app\\public\\index.php')
ERROR - 2023-10-28 08:30:19 --> mysqli_sql_exception: Unknown column 'address' in 'field list' in D:\projects\xampp\htdocs\seclob_app\system\Database\MySQLi\Connection.php:306
Stack trace:
#0 D:\projects\xampp\htdocs\seclob_app\system\Database\MySQLi\Connection.php(306): mysqli->query('INSERT INTO `me...', 0)
#1 D:\projects\xampp\htdocs\seclob_app\system\Database\BaseConnection.php(693): CodeIgniter\Database\MySQLi\Connection->execute('INSERT INTO `me...')
#2 D:\projects\xampp\htdocs\seclob_app\system\Database\BaseConnection.php(607): CodeIgniter\Database\BaseConnection->simpleQuery('INSERT INTO `me...')
#3 D:\projects\xampp\htdocs\seclob_app\system\Database\BaseBuilder.php(2308): CodeIgniter\Database\BaseConnection->query('INSERT INTO `me...', Array, false)
#4 D:\projects\xampp\htdocs\seclob_app\app\Models\MemberModel.php(15): CodeIgniter\Database\BaseBuilder->insert(Array)
#5 D:\projects\xampp\htdocs\seclob_app\app\Controllers\Member.php(51): App\Models\MemberModel->add(Array)
#6 D:\projects\xampp\htdocs\seclob_app\system\CodeIgniter.php(942): App\Controllers\Member->save()
#7 D:\projects\xampp\htdocs\seclob_app\system\CodeIgniter.php(502): CodeIgniter\CodeIgniter->runController(Object(App\Controllers\Member))
#8 D:\projects\xampp\htdocs\seclob_app\system\CodeIgniter.php(361): CodeIgniter\CodeIgniter->handleRequest(NULL, Object(Config\Cache), false)
#9 D:\projects\xampp\htdocs\seclob_app\public\index.php(79): CodeIgniter\CodeIgniter->run()
#10 D:\projects\xampp\htdocs\seclob_app\system\Commands\Server\rewrite.php(47): require_once('D:\\projects\\xam...')
#11 {main}
CRITICAL - 2023-10-28 08:30:19 --> Unknown column 'address' in 'field list'
in SYSTEMPATH\Database\BaseConnection.php on line 647.
 1 SYSTEMPATH\Database\BaseBuilder.php(2308): CodeIgniter\Database\BaseConnection->query('INSERT INTO `member` (`name`, `member_type`, `phone`, `email`, `address`, `users`, `parent_member_id`, `package_id`, `addOn_users`) VALUES (:name:, :member_type:, :phone:, :email:, :address:, :users:, :parent_member_id:, :package_id:, :addOn_users:)', [...], false)
 2 APPPATH\Models\MemberModel.php(15): CodeIgniter\Database\BaseBuilder->insert([...])
 3 APPPATH\Controllers\Member.php(51): App\Models\MemberModel->add([...])
 4 SYSTEMPATH\CodeIgniter.php(942): App\Controllers\Member->save()
 5 SYSTEMPATH\CodeIgniter.php(502): CodeIgniter\CodeIgniter->runController(Object(App\Controllers\Member))
 6 SYSTEMPATH\CodeIgniter.php(361): CodeIgniter\CodeIgniter->handleRequest(null, Object(Config\Cache), false)
 7 FCPATH\index.php(79): CodeIgniter\CodeIgniter->run()
 8 SYSTEMPATH\Commands\Server\rewrite.php(47): require_once('D:\\projects\\xampp\\htdocs\\seclob_app\\public\\index.php')
ERROR - 2023-10-28 08:31:02 --> mysqli_sql_exception: Unknown column 'users' in 'field list' in D:\projects\xampp\htdocs\seclob_app\system\Database\MySQLi\Connection.php:306
Stack trace:
#0 D:\projects\xampp\htdocs\seclob_app\system\Database\MySQLi\Connection.php(306): mysqli->query('INSERT INTO `me...', 0)
#1 D:\projects\xampp\htdocs\seclob_app\system\Database\BaseConnection.php(693): CodeIgniter\Database\MySQLi\Connection->execute('INSERT INTO `me...')
#2 D:\projects\xampp\htdocs\seclob_app\system\Database\BaseConnection.php(607): CodeIgniter\Database\BaseConnection->simpleQuery('INSERT INTO `me...')
#3 D:\projects\xampp\htdocs\seclob_app\system\Database\BaseBuilder.php(2308): CodeIgniter\Database\BaseConnection->query('INSERT INTO `me...', Array, false)
#4 D:\projects\xampp\htdocs\seclob_app\app\Models\MemberModel.php(15): CodeIgniter\Database\BaseBuilder->insert(Array)
#5 D:\projects\xampp\htdocs\seclob_app\app\Controllers\Member.php(51): App\Models\MemberModel->add(Array)
#6 D:\projects\xampp\htdocs\seclob_app\system\CodeIgniter.php(942): App\Controllers\Member->save()
#7 D:\projects\xampp\htdocs\seclob_app\system\CodeIgniter.php(502): CodeIgniter\CodeIgniter->runController(Object(App\Controllers\Member))
#8 D:\projects\xampp\htdocs\seclob_app\system\CodeIgniter.php(361): CodeIgniter\CodeIgniter->handleRequest(NULL, Object(Config\Cache), false)
#9 D:\projects\xampp\htdocs\seclob_app\public\index.php(79): CodeIgniter\CodeIgniter->run()
#10 D:\projects\xampp\htdocs\seclob_app\system\Commands\Server\rewrite.php(47): require_once('D:\\projects\\xam...')
#11 {main}
CRITICAL - 2023-10-28 08:31:02 --> Unknown column 'users' in 'field list'
in SYSTEMPATH\Database\BaseConnection.php on line 647.
 1 SYSTEMPATH\Database\BaseBuilder.php(2308): CodeIgniter\Database\BaseConnection->query('INSERT INTO `member` (`name`, `member_type`, `phone`, `email`, `address`, `users`, `parent_member_id`, `package_id`, `addOn_users`) VALUES (:name:, :member_type:, :phone:, :email:, :address:, :users:, :parent_member_id:, :package_id:, :addOn_users:)', [...], false)
 2 APPPATH\Models\MemberModel.php(15): CodeIgniter\Database\BaseBuilder->insert([...])
 3 APPPATH\Controllers\Member.php(51): App\Models\MemberModel->add([...])
 4 SYSTEMPATH\CodeIgniter.php(942): App\Controllers\Member->save()
 5 SYSTEMPATH\CodeIgniter.php(502): CodeIgniter\CodeIgniter->runController(Object(App\Controllers\Member))
 6 SYSTEMPATH\CodeIgniter.php(361): CodeIgniter\CodeIgniter->handleRequest(null, Object(Config\Cache), false)
 7 FCPATH\index.php(79): CodeIgniter\CodeIgniter->run()
 8 SYSTEMPATH\Commands\Server\rewrite.php(47): require_once('D:\\projects\\xampp\\htdocs\\seclob_app\\public\\index.php')
CRITICAL - 2023-10-28 08:34:51 --> Undefined variable $members
in APPPATH\Views\profile.php on line 78.
 1 APPPATH\Views\profile.php(78): CodeIgniter\Debug\Exceptions->errorHandler(2, 'Undefined variable $members', 'D:\\projects\\xampp\\htdocs\\seclob_app\\app\\Views\\profile.php', 78)
 2 SYSTEMPATH\View\View.php(228): include('D:\\projects\\xampp\\htdocs\\seclob_app\\app\\Views\\profile.php')
 3 SYSTEMPATH\View\View.php(231): CodeIgniter\View\View->CodeIgniter\View\{closure}()
 4 SYSTEMPATH\Common.php(1190): CodeIgniter\View\View->render('profile', [], true)
 5 APPPATH\Controllers\Member.php(65): view('profile')
 6 SYSTEMPATH\CodeIgniter.php(942): App\Controllers\Member->profile()
 7 SYSTEMPATH\CodeIgniter.php(502): CodeIgniter\CodeIgniter->runController(Object(App\Controllers\Member))
 8 SYSTEMPATH\CodeIgniter.php(361): CodeIgniter\CodeIgniter->handleRequest(null, Object(Config\Cache), false)
 9 FCPATH\index.php(79): CodeIgniter\CodeIgniter->run()
10 SYSTEMPATH\Commands\Server\rewrite.php(47): require_once('D:\\projects\\xampp\\htdocs\\seclob_app\\public\\index.php')
CRITICAL - 2023-10-28 08:36:53 --> Undefined variable $members
in APPPATH\Views\profile.php on line 78.
 1 APPPATH\Views\profile.php(78): CodeIgniter\Debug\Exceptions->errorHandler(2, 'Undefined variable $members', 'D:\\projects\\xampp\\htdocs\\seclob_app\\app\\Views\\profile.php', 78)
 2 SYSTEMPATH\View\View.php(228): include('D:\\projects\\xampp\\htdocs\\seclob_app\\app\\Views\\profile.php')
 3 SYSTEMPATH\View\View.php(231): CodeIgniter\View\View->CodeIgniter\View\{closure}()
 4 SYSTEMPATH\Common.php(1190): CodeIgniter\View\View->render('profile', [], true)
 5 APPPATH\Controllers\Member.php(65): view('profile')
 6 SYSTEMPATH\CodeIgniter.php(942): App\Controllers\Member->profile()
 7 SYSTEMPATH\CodeIgniter.php(502): CodeIgniter\CodeIgniter->runController(Object(App\Controllers\Member))
 8 SYSTEMPATH\CodeIgniter.php(361): CodeIgniter\CodeIgniter->handleRequest(null, Object(Config\Cache), false)
 9 FCPATH\index.php(79): CodeIgniter\CodeIgniter->run()
10 SYSTEMPATH\Commands\Server\rewrite.php(47): require_once('D:\\projects\\xampp\\htdocs\\seclob_app\\public\\index.php')
CRITICAL - 2023-10-28 08:36:55 --> Undefined variable $members
in APPPATH\Views\profile.php on line 78.
 1 APPPATH\Views\profile.php(78): CodeIgniter\Debug\Exceptions->errorHandler(2, 'Undefined variable $members', 'D:\\projects\\xampp\\htdocs\\seclob_app\\app\\Views\\profile.php', 78)
 2 SYSTEMPATH\View\View.php(228): include('D:\\projects\\xampp\\htdocs\\seclob_app\\app\\Views\\profile.php')
 3 SYSTEMPATH\View\View.php(231): CodeIgniter\View\View->CodeIgniter\View\{closure}()
 4 SYSTEMPATH\Common.php(1190): CodeIgniter\View\View->render('profile', [], true)
 5 APPPATH\Controllers\Member.php(65): view('profile')
 6 SYSTEMPATH\CodeIgniter.php(942): App\Controllers\Member->profile()
 7 SYSTEMPATH\CodeIgniter.php(502): CodeIgniter\CodeIgniter->runController(Object(App\Controllers\Member))
 8 SYSTEMPATH\CodeIgniter.php(361): CodeIgniter\CodeIgniter->handleRequest(null, Object(Config\Cache), false)
 9 FCPATH\index.php(79): CodeIgniter\CodeIgniter->run()
10 SYSTEMPATH\Commands\Server\rewrite.php(47): require_once('D:\\projects\\xampp\\htdocs\\seclob_app\\public\\index.php')
CRITICAL - 2023-10-28 08:37:11 --> Undefined variable $members
in APPPATH\Views\profile.php on line 78.
 1 APPPATH\Views\profile.php(78): CodeIgniter\Debug\Exceptions->errorHandler(2, 'Undefined variable $members', 'D:\\projects\\xampp\\htdocs\\seclob_app\\app\\Views\\profile.php', 78)
 2 SYSTEMPATH\View\View.php(228): include('D:\\projects\\xampp\\htdocs\\seclob_app\\app\\Views\\profile.php')
 3 SYSTEMPATH\View\View.php(231): CodeIgniter\View\View->CodeIgniter\View\{closure}()
 4 SYSTEMPATH\Common.php(1190): CodeIgniter\View\View->render('profile', [], true)
 5 APPPATH\Controllers\Member.php(65): view('profile')
 6 SYSTEMPATH\CodeIgniter.php(942): App\Controllers\Member->profile()
 7 SYSTEMPATH\CodeIgniter.php(502): CodeIgniter\CodeIgniter->runController(Object(App\Controllers\Member))
 8 SYSTEMPATH\CodeIgniter.php(361): CodeIgniter\CodeIgniter->handleRequest(null, Object(Config\Cache), false)
 9 FCPATH\index.php(79): CodeIgniter\CodeIgniter->run()
10 SYSTEMPATH\Commands\Server\rewrite.php(47): require_once('D:\\projects\\xampp\\htdocs\\seclob_app\\public\\index.php')
CRITICAL - 2023-10-28 09:30:24 --> Undefined variable $Route
in APPPATH\Config\Routes.php on line 22.
 1 APPPATH\Config\Routes.php(22): CodeIgniter\Debug\Exceptions->errorHandler(2, 'Undefined variable $Route', 'D:\\projects\\xampp\\htdocs\\seclob_app\\app\\Config\\Routes.php', 22)
 2 SYSTEMPATH\Router\RouteCollection.php(344): require('D:\\projects\\xampp\\htdocs\\seclob_app\\app\\Config\\Routes.php')
 3 SYSTEMPATH\CodeIgniter.php(810): CodeIgniter\Router\RouteCollection->loadRoutes()
 4 SYSTEMPATH\CodeIgniter.php(450): CodeIgniter\CodeIgniter->tryToRouteIt(null)
 5 SYSTEMPATH\CodeIgniter.php(361): CodeIgniter\CodeIgniter->handleRequest(null, Object(Config\Cache), false)
 6 FCPATH\index.php(79): CodeIgniter\CodeIgniter->run()
 7 SYSTEMPATH\Commands\Server\rewrite.php(47): require_once('D:\\projects\\xampp\\htdocs\\seclob_app\\public\\index.php')
CRITICAL - 2023-10-28 09:31:56 --> Undefined variable $Route
in APPPATH\Config\Routes.php on line 22.
 1 APPPATH\Config\Routes.php(22): CodeIgniter\Debug\Exceptions->errorHandler(2, 'Undefined variable $Route', 'D:\\projects\\xampp\\htdocs\\seclob_app\\app\\Config\\Routes.php', 22)
 2 SYSTEMPATH\Router\RouteCollection.php(344): require('D:\\projects\\xampp\\htdocs\\seclob_app\\app\\Config\\Routes.php')
 3 SYSTEMPATH\CodeIgniter.php(810): CodeIgniter\Router\RouteCollection->loadRoutes()
 4 SYSTEMPATH\CodeIgniter.php(450): CodeIgniter\CodeIgniter->tryToRouteIt(null)
 5 SYSTEMPATH\CodeIgniter.php(361): CodeIgniter\CodeIgniter->handleRequest(null, Object(Config\Cache), false)
 6 FCPATH\index.php(79): CodeIgniter\CodeIgniter->run()
 7 SYSTEMPATH\Commands\Server\rewrite.php(47): require_once('D:\\projects\\xampp\\htdocs\\seclob_app\\public\\index.php')
CRITICAL - 2023-10-28 09:32:51 --> Undefined variable $Route
in APPPATH\Config\Routes.php on line 22.
 1 APPPATH\Config\Routes.php(22): CodeIgniter\Debug\Exceptions->errorHandler(2, 'Undefined variable $Route', 'D:\\projects\\xampp\\htdocs\\seclob_app\\app\\Config\\Routes.php', 22)
 2 SYSTEMPATH\Router\RouteCollection.php(344): require('D:\\projects\\xampp\\htdocs\\seclob_app\\app\\Config\\Routes.php')
 3 SYSTEMPATH\CodeIgniter.php(810): CodeIgniter\Router\RouteCollection->loadRoutes()
 4 SYSTEMPATH\CodeIgniter.php(450): CodeIgniter\CodeIgniter->tryToRouteIt(null)
 5 SYSTEMPATH\CodeIgniter.php(361): CodeIgniter\CodeIgniter->handleRequest(null, Object(Config\Cache), false)
 6 FCPATH\index.php(79): CodeIgniter\CodeIgniter->run()
 7 SYSTEMPATH\Commands\Server\rewrite.php(47): require_once('D:\\projects\\xampp\\htdocs\\seclob_app\\public\\index.php')
CRITICAL - 2023-10-28 09:33:15 --> Undefined variable $Route
in APPPATH\Config\Routes.php on line 22.
 1 APPPATH\Config\Routes.php(22): CodeIgniter\Debug\Exceptions->errorHandler(2, 'Undefined variable $Route', 'D:\\projects\\xampp\\htdocs\\seclob_app\\app\\Config\\Routes.php', 22)
 2 SYSTEMPATH\Router\RouteCollection.php(344): require('D:\\projects\\xampp\\htdocs\\seclob_app\\app\\Config\\Routes.php')
 3 SYSTEMPATH\CodeIgniter.php(810): CodeIgniter\Router\RouteCollection->loadRoutes()
 4 SYSTEMPATH\CodeIgniter.php(450): CodeIgniter\CodeIgniter->tryToRouteIt(null)
 5 SYSTEMPATH\CodeIgniter.php(361): CodeIgniter\CodeIgniter->handleRequest(null, Object(Config\Cache), false)
 6 FCPATH\index.php(79): CodeIgniter\CodeIgniter->run()
 7 SYSTEMPATH\Commands\Server\rewrite.php(47): require_once('D:\\projects\\xampp\\htdocs\\seclob_app\\public\\index.php')
CRITICAL - 2023-10-28 09:35:04 --> Undefined variable $Route
in APPPATH\Config\Routes.php on line 22.
 1 APPPATH\Config\Routes.php(22): CodeIgniter\Debug\Exceptions->errorHandler(2, 'Undefined variable $Route', 'D:\\projects\\xampp\\htdocs\\seclob_app\\app\\Config\\Routes.php', 22)
 2 SYSTEMPATH\Router\RouteCollection.php(344): require('D:\\projects\\xampp\\htdocs\\seclob_app\\app\\Config\\Routes.php')
 3 SYSTEMPATH\CodeIgniter.php(810): CodeIgniter\Router\RouteCollection->loadRoutes()
 4 SYSTEMPATH\CodeIgniter.php(450): CodeIgniter\CodeIgniter->tryToRouteIt(null)
 5 SYSTEMPATH\CodeIgniter.php(361): CodeIgniter\CodeIgniter->handleRequest(null, Object(Config\Cache), false)
 6 FCPATH\index.php(79): CodeIgniter\CodeIgniter->run()
 7 SYSTEMPATH\Commands\Server\rewrite.php(47): require_once('D:\\projects\\xampp\\htdocs\\seclob_app\\public\\index.php')
CRITICAL - 2023-10-28 09:35:16 --> Undefined variable $Route
in APPPATH\Config\Routes.php on line 22.
 1 APPPATH\Config\Routes.php(22): CodeIgniter\Debug\Exceptions->errorHandler(2, 'Undefined variable $Route', 'D:\\projects\\xampp\\htdocs\\seclob_app\\app\\Config\\Routes.php', 22)
 2 SYSTEMPATH\Router\RouteCollection.php(344): require('D:\\projects\\xampp\\htdocs\\seclob_app\\app\\Config\\Routes.php')
 3 SYSTEMPATH\CLI\Console.php(39): CodeIgniter\Router\RouteCollection->loadRoutes()
 4 ROOTPATH\spark(102): CodeIgniter\CLI\Console->run()
CRITICAL - 2023-10-28 09:36:24 --> Undefined variable $Route
in APPPATH\Config\Routes.php on line 22.
 1 APPPATH\Config\Routes.php(22): CodeIgniter\Debug\Exceptions->errorHandler(2, 'Undefined variable $Route', 'D:\\projects\\xampp\\htdocs\\seclob_app\\app\\Config\\Routes.php', 22)
 2 SYSTEMPATH\Router\RouteCollection.php(344): require('D:\\projects\\xampp\\htdocs\\seclob_app\\app\\Config\\Routes.php')
 3 SYSTEMPATH\CLI\Console.php(39): CodeIgniter\Router\RouteCollection->loadRoutes()
 4 ROOTPATH\spark(102): CodeIgniter\CLI\Console->run()
CRITICAL - 2023-10-28 09:54:45 --> Undefined variable $Route
in APPPATH\Config\Routes.php on line 22.
 1 APPPATH\Config\Routes.php(22): CodeIgniter\Debug\Exceptions->errorHandler(2, 'Undefined variable $Route', 'D:\\projects\\xampp\\htdocs\\seclob_app\\app\\Config\\Routes.php', 22)
 2 SYSTEMPATH\Router\RouteCollection.php(344): require('D:\\projects\\xampp\\htdocs\\seclob_app\\app\\Config\\Routes.php')
 3 SYSTEMPATH\CodeIgniter.php(810): CodeIgniter\Router\RouteCollection->loadRoutes()
 4 SYSTEMPATH\CodeIgniter.php(450): CodeIgniter\CodeIgniter->tryToRouteIt(null)
 5 SYSTEMPATH\CodeIgniter.php(361): CodeIgniter\CodeIgniter->handleRequest(null, Object(Config\Cache), false)
 6 FCPATH\index.php(79): CodeIgniter\CodeIgniter->run()
 7 SYSTEMPATH\Commands\Server\rewrite.php(47): require_once('D:\\projects\\xampp\\htdocs\\seclob_app\\public\\index.php')
CRITICAL - 2023-10-28 09:55:20 --> Undefined variable $Route
in APPPATH\Config\Routes.php on line 22.
 1 APPPATH\Config\Routes.php(22): CodeIgniter\Debug\Exceptions->errorHandler(2, 'Undefined variable $Route', 'D:\\projects\\xampp\\htdocs\\seclob_app\\app\\Config\\Routes.php', 22)
 2 SYSTEMPATH\Router\RouteCollection.php(344): require('D:\\projects\\xampp\\htdocs\\seclob_app\\app\\Config\\Routes.php')
 3 SYSTEMPATH\CodeIgniter.php(810): CodeIgniter\Router\RouteCollection->loadRoutes()
 4 SYSTEMPATH\CodeIgniter.php(450): CodeIgniter\CodeIgniter->tryToRouteIt(null)
 5 SYSTEMPATH\CodeIgniter.php(361): CodeIgniter\CodeIgniter->handleRequest(null, Object(Config\Cache), false)
 6 FCPATH\index.php(79): CodeIgniter\CodeIgniter->run()
 7 SYSTEMPATH\Commands\Server\rewrite.php(47): require_once('D:\\projects\\xampp\\htdocs\\seclob_app\\public\\index.php')
CRITICAL - 2023-10-28 09:55:43 --> Undefined variable $Route
in APPPATH\Config\Routes.php on line 22.
 1 APPPATH\Config\Routes.php(22): CodeIgniter\Debug\Exceptions->errorHandler(2, 'Undefined variable $Route', 'D:\\projects\\xampp\\htdocs\\seclob_app\\app\\Config\\Routes.php', 22)
 2 SYSTEMPATH\Router\RouteCollection.php(344): require('D:\\projects\\xampp\\htdocs\\seclob_app\\app\\Config\\Routes.php')
 3 SYSTEMPATH\CodeIgniter.php(810): CodeIgniter\Router\RouteCollection->loadRoutes()
 4 SYSTEMPATH\CodeIgniter.php(450): CodeIgniter\CodeIgniter->tryToRouteIt(null)
 5 SYSTEMPATH\CodeIgniter.php(361): CodeIgniter\CodeIgniter->handleRequest(null, Object(Config\Cache), false)
 6 FCPATH\index.php(79): CodeIgniter\CodeIgniter->run()
 7 SYSTEMPATH\Commands\Server\rewrite.php(47): require_once('D:\\projects\\xampp\\htdocs\\seclob_app\\public\\index.php')
CRITICAL - 2023-10-28 09:55:48 --> Undefined variable $Route
in APPPATH\Config\Routes.php on line 22.
 1 APPPATH\Config\Routes.php(22): CodeIgniter\Debug\Exceptions->errorHandler(2, 'Undefined variable $Route', 'D:\\projects\\xampp\\htdocs\\seclob_app\\app\\Config\\Routes.php', 22)
 2 SYSTEMPATH\Router\RouteCollection.php(344): require('D:\\projects\\xampp\\htdocs\\seclob_app\\app\\Config\\Routes.php')
 3 SYSTEMPATH\CodeIgniter.php(810): CodeIgniter\Router\RouteCollection->loadRoutes()
 4 SYSTEMPATH\CodeIgniter.php(450): CodeIgniter\CodeIgniter->tryToRouteIt(null)
 5 SYSTEMPATH\CodeIgniter.php(361): CodeIgniter\CodeIgniter->handleRequest(null, Object(Config\Cache), false)
 6 FCPATH\index.php(79): CodeIgniter\CodeIgniter->run()
 7 SYSTEMPATH\Commands\Server\rewrite.php(47): require_once('D:\\projects\\xampp\\htdocs\\seclob_app\\public\\index.php')
CRITICAL - 2023-10-28 09:55:57 --> Undefined variable $Route
in APPPATH\Config\Routes.php on line 22.
 1 APPPATH\Config\Routes.php(22): CodeIgniter\Debug\Exceptions->errorHandler(2, 'Undefined variable $Route', 'D:\\projects\\xampp\\htdocs\\seclob_app\\app\\Config\\Routes.php', 22)
 2 SYSTEMPATH\Router\RouteCollection.php(344): require('D:\\projects\\xampp\\htdocs\\seclob_app\\app\\Config\\Routes.php')
 3 SYSTEMPATH\CodeIgniter.php(810): CodeIgniter\Router\RouteCollection->loadRoutes()
 4 SYSTEMPATH\CodeIgniter.php(450): CodeIgniter\CodeIgniter->tryToRouteIt(null)
 5 SYSTEMPATH\CodeIgniter.php(361): CodeIgniter\CodeIgniter->handleRequest(null, Object(Config\Cache), false)
 6 FCPATH\index.php(79): CodeIgniter\CodeIgniter->run()
 7 SYSTEMPATH\Commands\Server\rewrite.php(47): require_once('D:\\projects\\xampp\\htdocs\\seclob_app\\public\\index.php')
CRITICAL - 2023-10-28 09:56:02 --> Undefined variable $Route
in APPPATH\Config\Routes.php on line 22.
 1 APPPATH\Config\Routes.php(22): CodeIgniter\Debug\Exceptions->errorHandler(2, 'Undefined variable $Route', 'D:\\projects\\xampp\\htdocs\\seclob_app\\app\\Config\\Routes.php', 22)
 2 SYSTEMPATH\Router\RouteCollection.php(344): require('D:\\projects\\xampp\\htdocs\\seclob_app\\app\\Config\\Routes.php')
 3 SYSTEMPATH\CodeIgniter.php(810): CodeIgniter\Router\RouteCollection->loadRoutes()
 4 SYSTEMPATH\CodeIgniter.php(450): CodeIgniter\CodeIgniter->tryToRouteIt(null)
 5 SYSTEMPATH\CodeIgniter.php(361): CodeIgniter\CodeIgniter->handleRequest(null, Object(Config\Cache), false)
 6 FCPATH\index.php(79): CodeIgniter\CodeIgniter->run()
 7 SYSTEMPATH\Commands\Server\rewrite.php(47): require_once('D:\\projects\\xampp\\htdocs\\seclob_app\\public\\index.php')
CRITICAL - 2023-10-28 09:56:37 --> Undefined variable $Route
in APPPATH\Config\Routes.php on line 22.
 1 APPPATH\Config\Routes.php(22): CodeIgniter\Debug\Exceptions->errorHandler(2, 'Undefined variable $Route', 'D:\\projects\\xampp\\htdocs\\seclob_app\\app\\Config\\Routes.php', 22)
 2 SYSTEMPATH\Router\RouteCollection.php(344): require('D:\\projects\\xampp\\htdocs\\seclob_app\\app\\Config\\Routes.php')
 3 SYSTEMPATH\CodeIgniter.php(810): CodeIgniter\Router\RouteCollection->loadRoutes()
 4 SYSTEMPATH\CodeIgniter.php(450): CodeIgniter\CodeIgniter->tryToRouteIt(null)
 5 SYSTEMPATH\CodeIgniter.php(361): CodeIgniter\CodeIgniter->handleRequest(null, Object(Config\Cache), false)
 6 FCPATH\index.php(79): CodeIgniter\CodeIgniter->run()
 7 SYSTEMPATH\Commands\Server\rewrite.php(47): require_once('D:\\projects\\xampp\\htdocs\\seclob_app\\public\\index.php')
CRITICAL - 2023-10-28 09:56:42 --> Undefined variable $Route
in APPPATH\Config\Routes.php on line 22.
 1 APPPATH\Config\Routes.php(22): CodeIgniter\Debug\Exceptions->errorHandler(2, 'Undefined variable $Route', 'D:\\projects\\xampp\\htdocs\\seclob_app\\app\\Config\\Routes.php', 22)
 2 SYSTEMPATH\Router\RouteCollection.php(344): require('D:\\projects\\xampp\\htdocs\\seclob_app\\app\\Config\\Routes.php')
 3 SYSTEMPATH\CodeIgniter.php(810): CodeIgniter\Router\RouteCollection->loadRoutes()
 4 SYSTEMPATH\CodeIgniter.php(450): CodeIgniter\CodeIgniter->tryToRouteIt(null)
 5 SYSTEMPATH\CodeIgniter.php(361): CodeIgniter\CodeIgniter->handleRequest(null, Object(Config\Cache), false)
 6 FCPATH\index.php(79): CodeIgniter\CodeIgniter->run()
 7 SYSTEMPATH\Commands\Server\rewrite.php(47): require_once('D:\\projects\\xampp\\htdocs\\seclob_app\\public\\index.php')
CRITICAL - 2023-10-28 10:00:00 --> Undefined variable $Route
in APPPATH\Config\Routes.php on line 22.
 1 APPPATH\Config\Routes.php(22): CodeIgniter\Debug\Exceptions->errorHandler(2, 'Undefined variable $Route', 'D:\\projects\\xampp\\htdocs\\seclob_app\\app\\Config\\Routes.php', 22)
 2 SYSTEMPATH\Router\RouteCollection.php(344): require('D:\\projects\\xampp\\htdocs\\seclob_app\\app\\Config\\Routes.php')
 3 SYSTEMPATH\CodeIgniter.php(810): CodeIgniter\Router\RouteCollection->loadRoutes()
 4 SYSTEMPATH\CodeIgniter.php(450): CodeIgniter\CodeIgniter->tryToRouteIt(null)
 5 SYSTEMPATH\CodeIgniter.php(361): CodeIgniter\CodeIgniter->handleRequest(null, Object(Config\Cache), false)
 6 FCPATH\index.php(79): CodeIgniter\CodeIgniter->run()
 7 SYSTEMPATH\Commands\Server\rewrite.php(47): require_once('D:\\projects\\xampp\\htdocs\\seclob_app\\public\\index.php')
CRITICAL - 2023-10-28 11:43:58 --> Undefined global variable $_SESSION
in APPPATH\Views\member.php on line 41.
 1 APPPATH\Views\member.php(41): CodeIgniter\Debug\Exceptions->errorHandler(2, 'Undefined global variable $_SESSION', 'D:\\projects\\xampp\\htdocs\\seclob_app\\app\\Views\\member.php', 41)
 2 SYSTEMPATH\View\View.php(228): include('D:\\projects\\xampp\\htdocs\\seclob_app\\app\\Views\\member.php')
 3 SYSTEMPATH\View\View.php(231): CodeIgniter\View\View->CodeIgniter\View\{closure}()
 4 SYSTEMPATH\Common.php(1190): CodeIgniter\View\View->render('member', [], true)
 5 APPPATH\Controllers\Member.php(24): view('member')
 6 SYSTEMPATH\CodeIgniter.php(942): App\Controllers\Member->add()
 7 SYSTEMPATH\CodeIgniter.php(502): CodeIgniter\CodeIgniter->runController(Object(App\Controllers\Member))
 8 SYSTEMPATH\CodeIgniter.php(361): CodeIgniter\CodeIgniter->handleRequest(null, Object(Config\Cache), false)
 9 FCPATH\index.php(79): CodeIgniter\CodeIgniter->run()
10 SYSTEMPATH\Commands\Server\rewrite.php(47): require_once('D:\\projects\\xampp\\htdocs\\seclob_app\\public\\index.php')
CRITICAL - 2023-10-28 11:47:34 --> Undefined variable $sponsor_id
in APPPATH\Views\member.php on line 41.
 1 APPPATH\Views\member.php(41): CodeIgniter\Debug\Exceptions->errorHandler(2, 'Undefined variable $sponsor_id', 'D:\\projects\\xampp\\htdocs\\seclob_app\\app\\Views\\member.php', 41)
 2 SYSTEMPATH\View\View.php(228): include('D:\\projects\\xampp\\htdocs\\seclob_app\\app\\Views\\member.php')
 3 SYSTEMPATH\View\View.php(231): CodeIgniter\View\View->CodeIgniter\View\{closure}()
 4 SYSTEMPATH\Common.php(1190): CodeIgniter\View\View->render('member', [], true)
 5 APPPATH\Controllers\Member.php(28): view('member')
 6 SYSTEMPATH\CodeIgniter.php(942): App\Controllers\Member->add()
 7 SYSTEMPATH\CodeIgniter.php(502): CodeIgniter\CodeIgniter->runController(Object(App\Controllers\Member))
 8 SYSTEMPATH\CodeIgniter.php(361): CodeIgniter\CodeIgniter->handleRequest(null, Object(Config\Cache), false)
 9 FCPATH\index.php(79): CodeIgniter\CodeIgniter->run()
10 SYSTEMPATH\Commands\Server\rewrite.php(47): require_once('D:\\projects\\xampp\\htdocs\\seclob_app\\public\\index.php')
CRITICAL - 2023-10-28 11:48:11 --> Undefined variable $sponsor_id
in APPPATH\Views\member.php on line 41.
 1 APPPATH\Views\member.php(41): CodeIgniter\Debug\Exceptions->errorHandler(2, 'Undefined variable $sponsor_id', 'D:\\projects\\xampp\\htdocs\\seclob_app\\app\\Views\\member.php', 41)
 2 SYSTEMPATH\View\View.php(228): include('D:\\projects\\xampp\\htdocs\\seclob_app\\app\\Views\\member.php')
 3 SYSTEMPATH\View\View.php(231): CodeIgniter\View\View->CodeIgniter\View\{closure}()
 4 SYSTEMPATH\Common.php(1190): CodeIgniter\View\View->render('member', [], true)
 5 APPPATH\Controllers\Member.php(28): view('member')
 6 SYSTEMPATH\CodeIgniter.php(942): App\Controllers\Member->add()
 7 SYSTEMPATH\CodeIgniter.php(502): CodeIgniter\CodeIgniter->runController(Object(App\Controllers\Member))
 8 SYSTEMPATH\CodeIgniter.php(361): CodeIgniter\CodeIgniter->handleRequest(null, Object(Config\Cache), false)
 9 FCPATH\index.php(79): CodeIgniter\CodeIgniter->run()
10 SYSTEMPATH\Commands\Server\rewrite.php(47): require_once('D:\\projects\\xampp\\htdocs\\seclob_app\\public\\index.php')
CRITICAL - 2023-10-28 11:49:31 --> Undefined array key "id"
in APPPATH\Models\UserModel.php on line 40.
 1 APPPATH\Models\UserModel.php(40): CodeIgniter\Debug\Exceptions->errorHandler(2, 'Undefined array key "id"', 'D:\\projects\\xampp\\htdocs\\seclob_app\\app\\Models\\UserModel.php', 40)
 2 APPPATH\Controllers\Login.php(39): App\Models\UserModel->getSponsor([...])
 3 SYSTEMPATH\CodeIgniter.php(942): App\Controllers\Login->user()
 4 SYSTEMPATH\CodeIgniter.php(502): CodeIgniter\CodeIgniter->runController(Object(App\Controllers\Login))
 5 SYSTEMPATH\CodeIgniter.php(361): CodeIgniter\CodeIgniter->handleRequest(null, Object(Config\Cache), false)
 6 FCPATH\index.php(79): CodeIgniter\CodeIgniter->run()
 7 SYSTEMPATH\Commands\Server\rewrite.php(47): require_once('D:\\projects\\xampp\\htdocs\\seclob_app\\public\\index.php')
CRITICAL - 2023-10-28 11:54:31 --> Undefined variable $sponsor_id
in APPPATH\Views\member.php on line 41.
 1 APPPATH\Views\member.php(41): CodeIgniter\Debug\Exceptions->errorHandler(2, 'Undefined variable $sponsor_id', 'D:\\projects\\xampp\\htdocs\\seclob_app\\app\\Views\\member.php', 41)
 2 SYSTEMPATH\View\View.php(228): include('D:\\projects\\xampp\\htdocs\\seclob_app\\app\\Views\\member.php')
 3 SYSTEMPATH\View\View.php(231): CodeIgniter\View\View->CodeIgniter\View\{closure}()
 4 SYSTEMPATH\Common.php(1190): CodeIgniter\View\View->render('member', [], true)
 5 APPPATH\Controllers\Member.php(28): view('member')
 6 SYSTEMPATH\CodeIgniter.php(942): App\Controllers\Member->add()
 7 SYSTEMPATH\CodeIgniter.php(502): CodeIgniter\CodeIgniter->runController(Object(App\Controllers\Member))
 8 SYSTEMPATH\CodeIgniter.php(361): CodeIgniter\CodeIgniter->handleRequest(null, Object(Config\Cache), false)
 9 FCPATH\index.php(79): CodeIgniter\CodeIgniter->run()
10 SYSTEMPATH\Commands\Server\rewrite.php(47): require_once('D:\\projects\\xampp\\htdocs\\seclob_app\\public\\index.php')
CRITICAL - 2023-10-28 11:57:50 --> Undefined variable $sponsor_id
in APPPATH\Views\member.php on line 41.
 1 APPPATH\Views\member.php(41): CodeIgniter\Debug\Exceptions->errorHandler(2, 'Undefined variable $sponsor_id', 'D:\\projects\\xampp\\htdocs\\seclob_app\\app\\Views\\member.php', 41)
 2 SYSTEMPATH\View\View.php(228): include('D:\\projects\\xampp\\htdocs\\seclob_app\\app\\Views\\member.php')
 3 SYSTEMPATH\View\View.php(231): CodeIgniter\View\View->CodeIgniter\View\{closure}()
 4 SYSTEMPATH\Common.php(1190): CodeIgniter\View\View->render('member', [], true)
 5 APPPATH\Controllers\Member.php(28): view('member')
 6 SYSTEMPATH\CodeIgniter.php(942): App\Controllers\Member->add()
 7 SYSTEMPATH\CodeIgniter.php(502): CodeIgniter\CodeIgniter->runController(Object(App\Controllers\Member))
 8 SYSTEMPATH\CodeIgniter.php(361): CodeIgniter\CodeIgniter->handleRequest(null, Object(Config\Cache), false)
 9 FCPATH\index.php(79): CodeIgniter\CodeIgniter->run()
10 SYSTEMPATH\Commands\Server\rewrite.php(47): require_once('D:\\projects\\xampp\\htdocs\\seclob_app\\public\\index.php')
CRITICAL - 2023-10-28 11:58:07 --> Undefined variable $sponsor_id
in APPPATH\Views\member.php on line 41.
 1 APPPATH\Views\member.php(41): CodeIgniter\Debug\Exceptions->errorHandler(2, 'Undefined variable $sponsor_id', 'D:\\projects\\xampp\\htdocs\\seclob_app\\app\\Views\\member.php', 41)
 2 SYSTEMPATH\View\View.php(228): include('D:\\projects\\xampp\\htdocs\\seclob_app\\app\\Views\\member.php')
 3 SYSTEMPATH\View\View.php(231): CodeIgniter\View\View->CodeIgniter\View\{closure}()
 4 SYSTEMPATH\Common.php(1190): CodeIgniter\View\View->render('member', [], true)
 5 APPPATH\Controllers\Member.php(28): view('member')
 6 SYSTEMPATH\CodeIgniter.php(942): App\Controllers\Member->add()
 7 SYSTEMPATH\CodeIgniter.php(502): CodeIgniter\CodeIgniter->runController(Object(App\Controllers\Member))
 8 SYSTEMPATH\CodeIgniter.php(361): CodeIgniter\CodeIgniter->handleRequest(null, Object(Config\Cache), false)
 9 FCPATH\index.php(79): CodeIgniter\CodeIgniter->run()
10 SYSTEMPATH\Commands\Server\rewrite.php(47): require_once('D:\\projects\\xampp\\htdocs\\seclob_app\\public\\index.php')
CRITICAL - 2023-10-28 12:14:28 --> ini_set(): Session ini settings cannot be changed when a session is active
in SYSTEMPATH\Session\Handlers\FileHandler.php on line 72.
 1 [internal function]: CodeIgniter\Debug\Exceptions->errorHandler(2, 'ini_set(): Session ini settings cannot be changed when a session is active', 'D:\\projects\\xampp\\htdocs\\seclob_app\\system\\Session\\Handlers\\FileHandler.php', 72)
 2 SYSTEMPATH\Session\Handlers\FileHandler.php(72): ini_set('session.save_path', 'D:\\projects\\xampp\\htdocs\\seclob_app\\writable\\session')
 3 SYSTEMPATH\Config\Services.php(686): CodeIgniter\Session\Handlers\FileHandler->__construct(Object(Config\Session), '::1')
 4 SYSTEMPATH\Config\BaseService.php(258): CodeIgniter\Config\Services::session(Object(Config\Session), false)
 5 SYSTEMPATH\Config\BaseService.php(199): CodeIgniter\Config\BaseService::__callStatic('session', [...])
 6 SYSTEMPATH\Config\Services.php(664): CodeIgniter\Config\BaseService::getSharedInstance('session', null)
 7 SYSTEMPATH\Config\BaseService.php(258): CodeIgniter\Config\Services::session()
 8 SYSTEMPATH\Common.php(996): CodeIgniter\Config\BaseService::__callStatic('session', [])
 9 SYSTEMPATH\CodeIgniter.php(1069): session()
10 SYSTEMPATH\CodeIgniter.php(549): CodeIgniter\CodeIgniter->storePreviousURL(Object(CodeIgniter\HTTP\SiteURI))
11 SYSTEMPATH\CodeIgniter.php(361): CodeIgniter\CodeIgniter->handleRequest(null, Object(Config\Cache), false)
12 FCPATH\index.php(79): CodeIgniter\CodeIgniter->run()
13 SYSTEMPATH\Commands\Server\rewrite.php(47): require_once('D:\\projects\\xampp\\htdocs\\seclob_app\\public\\index.php')
CRITICAL - 2023-10-28 12:15:11 --> Undefined global variable $_SESSION
in APPPATH\Controllers\Member.php on line 20.
 1 APPPATH\Controllers\Member.php(20): CodeIgniter\Debug\Exceptions->errorHandler(2, 'Undefined global variable $_SESSION', 'D:\\projects\\xampp\\htdocs\\seclob_app\\app\\Controllers\\Member.php', 20)
 2 SYSTEMPATH\CodeIgniter.php(942): App\Controllers\Member->add()
 3 SYSTEMPATH\CodeIgniter.php(502): CodeIgniter\CodeIgniter->runController(Object(App\Controllers\Member))
 4 SYSTEMPATH\CodeIgniter.php(361): CodeIgniter\CodeIgniter->handleRequest(null, Object(Config\Cache), false)
 5 FCPATH\index.php(79): CodeIgniter\CodeIgniter->run()
 6 SYSTEMPATH\Commands\Server\rewrite.php(47): require_once('D:\\projects\\xampp\\htdocs\\seclob_app\\public\\index.php')
CRITICAL - 2023-10-28 12:15:12 --> Undefined global variable $_SESSION
in APPPATH\Controllers\Member.php on line 20.
 1 APPPATH\Controllers\Member.php(20): CodeIgniter\Debug\Exceptions->errorHandler(2, 'Undefined global variable $_SESSION', 'D:\\projects\\xampp\\htdocs\\seclob_app\\app\\Controllers\\Member.php', 20)
 2 SYSTEMPATH\CodeIgniter.php(942): App\Controllers\Member->add()
 3 SYSTEMPATH\CodeIgniter.php(502): CodeIgniter\CodeIgniter->runController(Object(App\Controllers\Member))
 4 SYSTEMPATH\CodeIgniter.php(361): CodeIgniter\CodeIgniter->handleRequest(null, Object(Config\Cache), false)
 5 FCPATH\index.php(79): CodeIgniter\CodeIgniter->run()
 6 SYSTEMPATH\Commands\Server\rewrite.php(47): require_once('D:\\projects\\xampp\\htdocs\\seclob_app\\public\\index.php')
CRITICAL - 2023-10-28 12:15:53 --> ini_set(): Session ini settings cannot be changed when a session is active
in SYSTEMPATH\Session\Handlers\FileHandler.php on line 72.
 1 [internal function]: CodeIgniter\Debug\Exceptions->errorHandler(2, 'ini_set(): Session ini settings cannot be changed when a session is active', 'D:\\projects\\xampp\\htdocs\\seclob_app\\system\\Session\\Handlers\\FileHandler.php', 72)
 2 SYSTEMPATH\Session\Handlers\FileHandler.php(72): ini_set('session.save_path', 'D:\\projects\\xampp\\htdocs\\seclob_app\\writable\\session')
 3 SYSTEMPATH\Config\Services.php(686): CodeIgniter\Session\Handlers\FileHandler->__construct(Object(Config\Session), '::1')
 4 SYSTEMPATH\Config\BaseService.php(258): CodeIgniter\Config\Services::session(Object(Config\Session), false)
 5 SYSTEMPATH\Config\BaseService.php(199): CodeIgniter\Config\BaseService::__callStatic('session', [...])
 6 SYSTEMPATH\Config\Services.php(664): CodeIgniter\Config\BaseService::getSharedInstance('session', null)
 7 SYSTEMPATH\Config\BaseService.php(258): CodeIgniter\Config\Services::session()
 8 SYSTEMPATH\Common.php(996): CodeIgniter\Config\BaseService::__callStatic('session', [])
 9 SYSTEMPATH\CodeIgniter.php(1069): session()
10 SYSTEMPATH\CodeIgniter.php(549): CodeIgniter\CodeIgniter->storePreviousURL(Object(CodeIgniter\HTTP\SiteURI))
11 SYSTEMPATH\CodeIgniter.php(361): CodeIgniter\CodeIgniter->handleRequest(null, Object(Config\Cache), false)
12 FCPATH\index.php(79): CodeIgniter\CodeIgniter->run()
13 SYSTEMPATH\Commands\Server\rewrite.php(47): require_once('D:\\projects\\xampp\\htdocs\\seclob_app\\public\\index.php')
ERROR - 2023-10-28 12:58:20 --> mysqli_sql_exception: Column 'add_on_users' cannot be null in D:\projects\xampp\htdocs\seclob_app\system\Database\MySQLi\Connection.php:306
Stack trace:
#0 D:\projects\xampp\htdocs\seclob_app\system\Database\MySQLi\Connection.php(306): mysqli->query('INSERT INTO `pa...', 0)
#1 D:\projects\xampp\htdocs\seclob_app\system\Database\BaseConnection.php(693): CodeIgniter\Database\MySQLi\Connection->execute('INSERT INTO `pa...')
#2 D:\projects\xampp\htdocs\seclob_app\system\Database\BaseConnection.php(607): CodeIgniter\Database\BaseConnection->simpleQuery('INSERT INTO `pa...')
#3 D:\projects\xampp\htdocs\seclob_app\system\Database\BaseBuilder.php(2308): CodeIgniter\Database\BaseConnection->query('INSERT INTO `pa...', Array, false)
#4 D:\projects\xampp\htdocs\seclob_app\app\Models\PackageModel.php(26): CodeIgniter\Database\BaseBuilder->insert(Array)
#5 D:\projects\xampp\htdocs\seclob_app\app\Controllers\Package.php(55): App\Models\PackageModel->add(Array)
#6 D:\projects\xampp\htdocs\seclob_app\system\CodeIgniter.php(942): App\Controllers\Package->save()
#7 D:\projects\xampp\htdocs\seclob_app\system\CodeIgniter.php(502): CodeIgniter\CodeIgniter->runController(Object(App\Controllers\Package))
#8 D:\projects\xampp\htdocs\seclob_app\system\CodeIgniter.php(361): CodeIgniter\CodeIgniter->handleRequest(NULL, Object(Config\Cache), false)
#9 D:\projects\xampp\htdocs\seclob_app\public\index.php(79): CodeIgniter\CodeIgniter->run()
#10 D:\projects\xampp\htdocs\seclob_app\system\Commands\Server\rewrite.php(47): require_once('D:\\projects\\xam...')
#11 {main}
CRITICAL - 2023-10-28 12:58:20 --> Column 'add_on_users' cannot be null
in SYSTEMPATH\Database\BaseConnection.php on line 647.
 1 SYSTEMPATH\Database\BaseBuilder.php(2308): CodeIgniter\Database\BaseConnection->query('INSERT INTO `package_tbl` (`package_name`, `package_amount`, `package_gst_excluded`, `users`, `add_on_users`) VALUES (:package_name:, :package_amount:, :package_gst_excluded:, :users:, :add_on_users:)', [...], false)
 2 APPPATH\Models\PackageModel.php(26): CodeIgniter\Database\BaseBuilder->insert([...])
 3 APPPATH\Controllers\Package.php(55): App\Models\PackageModel->add([...])
 4 SYSTEMPATH\CodeIgniter.php(942): App\Controllers\Package->save()
 5 SYSTEMPATH\CodeIgniter.php(502): CodeIgniter\CodeIgniter->runController(Object(App\Controllers\Package))
 6 SYSTEMPATH\CodeIgniter.php(361): CodeIgniter\CodeIgniter->handleRequest(null, Object(Config\Cache), false)
 7 FCPATH\index.php(79): CodeIgniter\CodeIgniter->run()
 8 SYSTEMPATH\Commands\Server\rewrite.php(47): require_once('D:\\projects\\xampp\\htdocs\\seclob_app\\public\\index.php')
